{"meta": {"format": 3, "version": "7.13.4", "timestamp": "2026-02-24T17:30:56.819978", "branch_coverage": true, "show_contexts": false}, "files": {"src\\duckkb\\__init__.py": {"executed_lines": [10, 12], "summary": {"covered_lines": 2, "num_statements": 2, "percent_covered": 100.0, "percent_covered_display": "100", "missing_lines": 0, "excluded_lines": 0, "percent_statements_covered": 100.0, "percent_statements_covered_display": "100", "num_branches": 0, "num_partial_branches": 0, "covered_branches": 0, "missing_branches": 0, "percent_branches_covered": 100.0, "percent_branches_covered_display": "100"}, "missing_lines": [], "excluded_lines": [], "executed_branches": [], "missing_branches": [], "functions": {"": {"executed_lines": [10, 12], "summary": {"covered_lines": 2, "num_statements": 2, "percent_covered": 100.0, "percent_covered_display": "100", "missing_lines": 0, "excluded_lines": 0, "percent_statements_covered": 100.0, "percent_statements_covered_display": "100", "num_branches": 0, "num_partial_branches": 0, "covered_branches": 0, "missing_branches": 0, "percent_branches_covered": 100.0, "percent_branches_covered_display": "100"}, "missing_lines": [], "excluded_lines": [], "start_line": 1, "executed_branches": [], "missing_branches": []}}, "classes": {"": {"executed_lines": [10, 12], "summary": {"covered_lines": 2, "num_statements": 2, "percent_covered": 100.0, "percent_covered_display": "100", "missing_lines": 0, "excluded_lines": 0, "percent_statements_covered": 100.0, "percent_statements_covered_display": "100", "num_branches": 0, "num_partial_branches": 0, "covered_branches": 0, "missing_branches": 0, "percent_branches_covered": 100.0, "percent_branches_covered_display": "100"}, "missing_lines": [], "excluded_lines": [], "start_line": 1, "executed_branches": [], "missing_branches": []}}}, "src\\duckkb\\config.py": {"executed_lines": [10, 12, 13, 14, 16, 22, 25, 35, 36, 39, 50, 51, 52, 54, 55, 56, 68, 70, 71, 72, 74, 75, 76, 88, 89, 90, 92, 93, 94, 106, 107, 108, 109, 111, 112, 121, 122, 123, 124, 125, 126, 131, 134, 146, 148, 154, 155, 156, 157, 158, 160, 161, 167, 168, 174, 175, 177, 179, 180, 182, 184, 185, 194, 195, 196, 198, 199, 208, 209, 211, 212, 214, 217, 223, 226, 235, 241], "summary": {"covered_lines": 77, "num_statements": 80, "percent_covered": 94.68085106382979, "percent_covered_display": "95", "missing_lines": 3, "excluded_lines": 0, "percent_statements_covered": 96.25, "percent_statements_covered_display": "96", "num_branches": 14, "num_partial_branches": 2, "covered_branches": 12, "missing_branches": 2, "percent_branches_covered": 85.71428571428571, "percent_branches_covered_display": "86"}, "missing_lines": [69, 172, 232], "excluded_lines": [], "executed_branches": [[68, 70], [70, 71], [70, 72], [88, 89], [88, 90], [107, 108], [107, 109], [122, 123], [122, 131], [167, 168], [194, 195], [194, 196]], "missing_branches": [[68, 69], [167, 172]], "functions": {"KBConfig.validate_embedding_dim": {"executed_lines": [68, 70, 71, 72], "summary": {"covered_lines": 4, "num_statements": 5, "percent_covered": 77.77777777777777, "percent_covered_display": "78", "missing_lines": 1, "excluded_lines": 0, "percent_statements_covered": 80.0, "percent_statements_covered_display": "80", "num_branches": 4, "num_partial_branches": 1, "covered_branches": 3, "missing_branches": 1, "percent_branches_covered": 75.0, "percent_branches_covered_display": "75"}, "missing_lines": [69], "excluded_lines": [], "start_line": 56, "executed_branches": [[68, 70], [70, 71], [70, 72]], "missing_branches": [[68, 69]]}, "KBConfig.validate_embedding_model": {"executed_lines": [88, 89, 90], "summary": {"covered_lines": 3, "num_statements": 3, "percent_covered": 100.0, "percent_covered_display": "100", "missing_lines": 0, "excluded_lines": 0, "percent_statements_covered": 100.0, "percent_statements_covered_display": "100", "num_branches": 2, "num_partial_branches": 0, "covered_branches": 2, "missing_branches": 0, "percent_branches_covered": 100.0, "percent_branches_covered_display": "100"}, "missing_lines": [], "excluded_lines": [], "start_line": 76, "executed_branches": [[88, 89], [88, 90]], "missing_branches": []}, "KBConfig.validate_log_level": {"executed_lines": [106, 107, 108, 109], "summary": {"covered_lines": 4, "num_statements": 4, "percent_covered": 100.0, "percent_covered_display": "100", "missing_lines": 0, "excluded_lines": 0, "percent_statements_covered": 100.0, "percent_statements_covered_display": "100", "num_branches": 2, "num_partial_branches": 0, "covered_branches": 2, "missing_branches": 0, "percent_branches_covered": 100.0, "percent_branches_covered_display": "100"}, "missing_lines": [], "excluded_lines": [], "start_line": 94, "executed_branches": [[107, 108], [107, 109]], "missing_branches": []}, "KBConfig.from_yaml": {"executed_lines": [121, 122, 123, 124, 125, 126, 131], "summary": {"covered_lines": 7, "num_statements": 7, "percent_covered": 100.0, "percent_covered_display": "100", "missing_lines": 0, "excluded_lines": 0, "percent_statements_covered": 100.0, "percent_statements_covered_display": "100", "num_branches": 2, "num_partial_branches": 0, "covered_branches": 2, "missing_branches": 0, "percent_branches_covered": 100.0, "percent_branches_covered_display": "100"}, "missing_lines": [], "excluded_lines": [], "start_line": 112, "executed_branches": [[122, 123], [122, 131]], "missing_branches": []}, "AppContext.__init__": {"executed_lines": [154, 155, 156, 157, 158], "summary": {"covered_lines": 5, "num_statements": 5, "percent_covered": 100.0, "percent_covered_display": "100", "missing_lines": 0, "excluded_lines": 0, "percent_statements_covered": 100.0, "percent_statements_covered_display": "100", "num_branches": 0, "num_partial_branches": 0, "covered_branches": 0, "missing_branches": 0, "percent_branches_covered": 100.0, "percent_branches_covered_display": "100"}, "missing_lines": [], "excluded_lines": [], "start_line": 148, "executed_branches": [], "missing_branches": []}, "AppContext.openai_client": {"executed_lines": [167, 168], "summary": {"covered_lines": 2, "num_statements": 3, "percent_covered": 60.0, "percent_covered_display": "60", "missing_lines": 1, "excluded_lines": 0, "percent_statements_covered": 66.66666666666667, "percent_statements_covered_display": "67", "num_branches": 2, "num_partial_branches": 1, "covered_branches": 1, "missing_branches": 1, "percent_branches_covered": 50.0, "percent_branches_covered_display": "50"}, "missing_lines": [172], "excluded_lines": [], "start_line": 161, "executed_branches": [[167, 168]], "missing_branches": [[167, 172]]}, "AppContext.jieba_initialized": {"executed_lines": [182], "summary": {"covered_lines": 1, "num_statements": 1, "percent_covered": 100.0, "percent_covered_display": "100", "missing_lines": 0, "excluded_lines": 0, "percent_statements_covered": 100.0, "percent_statements_covered_display": "100", "num_branches": 0, "num_partial_branches": 0, "covered_branches": 0, "missing_branches": 0, "percent_branches_covered": 100.0, "percent_branches_covered_display": "100"}, "missing_lines": [], "excluded_lines": [], "start_line": 180, "executed_branches": [], "missing_branches": []}, "AppContext.get": {"executed_lines": [194, 195, 196], "summary": {"covered_lines": 3, "num_statements": 3, "percent_covered": 100.0, "percent_covered_display": "100", "missing_lines": 0, "excluded_lines": 0, "percent_statements_covered": 100.0, "percent_statements_covered_display": "100", "num_branches": 2, "num_partial_branches": 0, "covered_branches": 2, "missing_branches": 0, "percent_branches_covered": 100.0, "percent_branches_covered_display": "100"}, "missing_lines": [], "excluded_lines": [], "start_line": 185, "executed_branches": [[194, 195], [194, 196]], "missing_branches": []}, "AppContext.init": {"executed_lines": [208, 209], "summary": {"covered_lines": 2, "num_statements": 2, "percent_covered": 100.0, "percent_covered_display": "100", "missing_lines": 0, "excluded_lines": 0, "percent_statements_covered": 100.0, "percent_statements_covered_display": "100", "num_branches": 0, "num_partial_branches": 0, "covered_branches": 0, "missing_branches": 0, "percent_branches_covered": 100.0, "percent_branches_covered_display": "100"}, "missing_lines": [], "excluded_lines": [], "start_line": 199, "executed_branches": [], "missing_branches": []}, "AppContext.reset": {"executed_lines": [214], "summary": {"covered_lines": 1, "num_statements": 1, "percent_covered": 100.0, "percent_covered_display": "100", "missing_lines": 0, "excluded_lines": 0, "percent_statements_covered": 100.0, "percent_statements_covered_display": "100", "num_branches": 0, "num_partial_branches": 0, "covered_branches": 0, "missing_branches": 0, "percent_branches_covered": 100.0, "percent_branches_covered_display": "100"}, "missing_lines": [], "excluded_lines": [], "start_line": 212, "executed_branches": [], "missing_branches": []}, "get_kb_config": {"executed_lines": [223], "summary": {"covered_lines": 1, "num_statements": 1, "percent_covered": 100.0, "percent_covered_display": "100", "missing_lines": 0, "excluded_lines": 0, "percent_statements_covered": 100.0, "percent_statements_covered_display": "100", "num_branches": 0, "num_partial_branches": 0, "covered_branches": 0, "missing_branches": 0, "percent_branches_covered": 100.0, "percent_branches_covered_display": "100"}, "missing_lines": [], "excluded_lines": [], "start_line": 217, "executed_branches": [], "missing_branches": []}, "get_global_config": {"executed_lines": [], "summary": {"covered_lines": 0, "num_statements": 1, "percent_covered": 0.0, "percent_covered_display": "0", "missing_lines": 1, "excluded_lines": 0, "percent_statements_covered": 0.0, "percent_statements_covered_display": "0", "num_branches": 0, "num_partial_branches": 0, "covered_branches": 0, "missing_branches": 0, "percent_branches_covered": 100.0, "percent_branches_covered_display": "100"}, "missing_lines": [232], "excluded_lines": [], "start_line": 226, "executed_branches": [], "missing_branches": []}, "get_openai_client": {"executed_lines": [241], "summary": {"covered_lines": 1, "num_statements": 1, "percent_covered": 100.0, "percent_covered_display": "100", "missing_lines": 0, "excluded_lines": 0, "percent_statements_covered": 100.0, "percent_statements_covered_display": "100", "num_branches": 0, "num_partial_branches": 0, "covered_branches": 0, "missing_branches": 0, "percent_branches_covered": 100.0, "percent_branches_covered_display": "100"}, "missing_lines": [], "excluded_lines": [], "start_line": 235, "executed_branches": [], "missing_branches": []}, "": {"executed_lines": [10, 12, 13, 14, 16, 22, 25, 35, 36, 39, 50, 51, 52, 54, 55, 56, 74, 75, 76, 92, 93, 94, 111, 112, 134, 146, 148, 160, 161, 174, 175, 179, 180, 184, 185, 198, 199, 211, 212, 217, 226, 235], "summary": {"covered_lines": 42, "num_statements": 42, "percent_covered": 100.0, "percent_covered_display": "100", "missing_lines": 0, "excluded_lines": 0, "percent_statements_covered": 100.0, "percent_statements_covered_display": "100", "num_branches": 0, "num_partial_branches": 0, "covered_branches": 0, "missing_branches": 0, "percent_branches_covered": 100.0, "percent_branches_covered_display": "100"}, "missing_lines": [], "excluded_lines": [], "start_line": 1, "executed_branches": [], "missing_branches": []}}, "classes": {"GlobalConfig": {"executed_lines": [], "summary": {"covered_lines": 0, "num_statements": 0, "percent_covered": 100.0, "percent_covered_display": "100", "missing_lines": 0, "excluded_lines": 0, "percent_statements_covered": 100.0, "percent_statements_covered_display": "100", "num_branches": 0, "num_partial_branches": 0, "covered_branches": 0, "missing_branches": 0, "percent_branches_covered": 100.0, "percent_branches_covered_display": "100"}, "missing_lines": [], "excluded_lines": [], "start_line": 25, "executed_branches": [], "missing_branches": []}, "KBConfig": {"executed_lines": [68, 70, 71, 72, 88, 89, 90, 106, 107, 108, 109, 121, 122, 123, 124, 125, 126, 131], "summary": {"covered_lines": 18, "num_statements": 19, "percent_covered": 93.10344827586206, "percent_covered_display": "93", "missing_lines": 1, "excluded_lines": 0, "percent_statements_covered": 94.73684210526316, "percent_statements_covered_display": "95", "num_branches": 10, "num_partial_branches": 1, "covered_branches": 9, "missing_branches": 1, "percent_branches_covered": 90.0, "percent_branches_covered_display": "90"}, "missing_lines": [69], "excluded_lines": [], "start_line": 39, "executed_branches": [[68, 70], [70, 71], [70, 72], [88, 89], [88, 90], [107, 108], [107, 109], [122, 123], [122, 131]], "missing_branches": [[68, 69]]}, "AppContext": {"executed_lines": [154, 155, 156, 157, 158, 167, 168, 177, 182, 194, 195, 196, 208, 209, 214], "summary": {"covered_lines": 15, "num_statements": 16, "percent_covered": 90.0, "percent_covered_display": "90", "missing_lines": 1, "excluded_lines": 0, "percent_statements_covered": 93.75, "percent_statements_covered_display": "94", "num_branches": 4, "num_partial_branches": 1, "covered_branches": 3, "missing_branches": 1, "percent_branches_covered": 75.0, "percent_branches_covered_display": "75"}, "missing_lines": [172], "excluded_lines": [], "start_line": 134, "executed_branches": [[167, 168], [194, 195], [194, 196]], "missing_branches": [[167, 172]]}, "": {"executed_lines": [10, 12, 13, 14, 16, 22, 25, 35, 36, 39, 50, 51, 52, 54, 55, 56, 74, 75, 76, 92, 93, 94, 111, 112, 134, 146, 148, 160, 161, 174, 175, 179, 180, 184, 185, 198, 199, 211, 212, 217, 223, 226, 235, 241], "summary": {"covered_lines": 44, "num_statements": 45, "percent_covered": 97.77777777777777, "percent_covered_display": "98", "missing_lines": 1, "excluded_lines": 0, "percent_statements_covered": 97.77777777777777, "percent_statements_covered_display": "98", "num_branches": 0, "num_partial_branches": 0, "covered_branches": 0, "missing_branches": 0, "percent_branches_covered": 100.0, "percent_branches_covered_display": "100"}, "missing_lines": [232], "excluded_lines": [], "start_line": 1, "executed_branches": [], "missing_branches": []}}}, "src\\duckkb\\constants.py": {"executed_lines": [10, 11, 12, 13, 14, 15, 16, 18, 19, 21, 23], "summary": {"covered_lines": 11, "num_statements": 11, "percent_covered": 100.0, "percent_covered_display": "100", "missing_lines": 0, "excluded_lines": 0, "percent_statements_covered": 100.0, "percent_statements_covered_display": "100", "num_branches": 0, "num_partial_branches": 0, "covered_branches": 0, "missing_branches": 0, "percent_branches_covered": 100.0, "percent_branches_covered_display": "100"}, "missing_lines": [], "excluded_lines": [], "executed_branches": [], "missing_branches": [], "functions": {"": {"executed_lines": [10, 11, 12, 13, 14, 15, 16, 18, 19, 21, 23], "summary": {"covered_lines": 11, "num_statements": 11, "percent_covered": 100.0, "percent_covered_display": "100", "missing_lines": 0, "excluded_lines": 0, "percent_statements_covered": 100.0, "percent_statements_covered_display": "100", "num_branches": 0, "num_partial_branches": 0, "covered_branches": 0, "missing_branches": 0, "percent_branches_covered": 100.0, "percent_branches_covered_display": "100"}, "missing_lines": [], "excluded_lines": [], "start_line": 1, "executed_branches": [], "missing_branches": []}}, "classes": {"": {"executed_lines": [10, 11, 12, 13, 14, 15, 16, 18, 19, 21, 23], "summary": {"covered_lines": 11, "num_statements": 11, "percent_covered": 100.0, "percent_covered_display": "100", "missing_lines": 0, "excluded_lines": 0, "percent_statements_covered": 100.0, "percent_statements_covered_display": "100", "num_branches": 0, "num_partial_branches": 0, "covered_branches": 0, "missing_branches": 0, "percent_branches_covered": 100.0, "percent_branches_covered_display": "100"}, "missing_lines": [], "excluded_lines": [], "start_line": 1, "executed_branches": [], "missing_branches": []}}}, "src\\duckkb\\db.py": {"executed_lines": [8, 9, 10, 12, 14, 15, 18, 27, 33, 35, 44, 45, 48, 54, 55, 58, 59, 68, 69, 70, 71, 73, 76, 77, 88, 89, 90, 91, 93], "summary": {"covered_lines": 29, "num_statements": 29, "percent_covered": 100.0, "percent_covered_display": "100", "missing_lines": 0, "excluded_lines": 0, "percent_statements_covered": 100.0, "percent_statements_covered_display": "100", "num_branches": 0, "num_partial_branches": 0, "covered_branches": 0, "missing_branches": 0, "percent_branches_covered": 100.0, "percent_branches_covered_display": "100"}, "missing_lines": [], "excluded_lines": [], "executed_branches": [], "missing_branches": [], "functions": {"DBManager.__init__": {"executed_lines": [33], "summary": {"covered_lines": 1, "num_statements": 1, "percent_covered": 100.0, "percent_covered_display": "100", "missing_lines": 0, "excluded_lines": 0, "percent_statements_covered": 100.0, "percent_statements_covered_display": "100", "num_branches": 0, "num_partial_branches": 0, "covered_branches": 0, "missing_branches": 0, "percent_branches_covered": 100.0, "percent_branches_covered_display": "100"}, "missing_lines": [], "excluded_lines": [], "start_line": 27, "executed_branches": [], "missing_branches": []}, "DBManager.get_connection": {"executed_lines": [44, 45], "summary": {"covered_lines": 2, "num_statements": 2, "percent_covered": 100.0, "percent_covered_display": "100", "missing_lines": 0, "excluded_lines": 0, "percent_statements_covered": 100.0, "percent_statements_covered_display": "100", "num_branches": 0, "num_partial_branches": 0, "covered_branches": 0, "missing_branches": 0, "percent_branches_covered": 100.0, "percent_branches_covered_display": "100"}, "missing_lines": [], "excluded_lines": [], "start_line": 35, "executed_branches": [], "missing_branches": []}, "get_db_manager": {"executed_lines": [54, 55], "summary": {"covered_lines": 2, "num_statements": 2, "percent_covered": 100.0, "percent_covered_display": "100", "missing_lines": 0, "excluded_lines": 0, "percent_statements_covered": 100.0, "percent_statements_covered_display": "100", "num_branches": 0, "num_partial_branches": 0, "covered_branches": 0, "missing_branches": 0, "percent_branches_covered": 100.0, "percent_branches_covered_display": "100"}, "missing_lines": [], "excluded_lines": [], "start_line": 48, "executed_branches": [], "missing_branches": []}, "get_db": {"executed_lines": [68, 69, 70, 71, 73], "summary": {"covered_lines": 5, "num_statements": 5, "percent_covered": 100.0, "percent_covered_display": "100", "missing_lines": 0, "excluded_lines": 0, "percent_statements_covered": 100.0, "percent_statements_covered_display": "100", "num_branches": 0, "num_partial_branches": 0, "covered_branches": 0, "missing_branches": 0, "percent_branches_covered": 100.0, "percent_branches_covered_display": "100"}, "missing_lines": [], "excluded_lines": [], "start_line": 59, "executed_branches": [], "missing_branches": []}, "get_async_db": {"executed_lines": [88, 89, 90, 91, 93], "summary": {"covered_lines": 5, "num_statements": 5, "percent_covered": 100.0, "percent_covered_display": "100", "missing_lines": 0, "excluded_lines": 0, "percent_statements_covered": 100.0, "percent_statements_covered_display": "100", "num_branches": 0, "num_partial_branches": 0, "covered_branches": 0, "missing_branches": 0, "percent_branches_covered": 100.0, "percent_branches_covered_display": "100"}, "missing_lines": [], "excluded_lines": [], "start_line": 77, "executed_branches": [], "missing_branches": []}, "": {"executed_lines": [8, 9, 10, 12, 14, 15, 18, 27, 35, 48, 58, 59, 76, 77], "summary": {"covered_lines": 14, "num_statements": 14, "percent_covered": 100.0, "percent_covered_display": "100", "missing_lines": 0, "excluded_lines": 0, "percent_statements_covered": 100.0, "percent_statements_covered_display": "100", "num_branches": 0, "num_partial_branches": 0, "covered_branches": 0, "missing_branches": 0, "percent_branches_covered": 100.0, "percent_branches_covered_display": "100"}, "missing_lines": [], "excluded_lines": [], "start_line": 1, "executed_branches": [], "missing_branches": []}}, "classes": {"DBManager": {"executed_lines": [33, 44, 45], "summary": {"covered_lines": 3, "num_statements": 3, "percent_covered": 100.0, "percent_covered_display": "100", "missing_lines": 0, "excluded_lines": 0, "percent_statements_covered": 100.0, "percent_statements_covered_display": "100", "num_branches": 0, "num_partial_branches": 0, "covered_branches": 0, "missing_branches": 0, "percent_branches_covered": 100.0, "percent_branches_covered_display": "100"}, "missing_lines": [], "excluded_lines": [], "start_line": 18, "executed_branches": [], "missing_branches": []}, "": {"executed_lines": [8, 9, 10, 12, 14, 15, 18, 27, 35, 48, 54, 55, 58, 59, 68, 69, 70, 71, 73, 76, 77, 88, 89, 90, 91, 93], "summary": {"covered_lines": 26, "num_statements": 26, "percent_covered": 100.0, "percent_covered_display": "100", "missing_lines": 0, "excluded_lines": 0, "percent_statements_covered": 100.0, "percent_statements_covered_display": "100", "num_branches": 0, "num_partial_branches": 0, "covered_branches": 0, "missing_branches": 0, "percent_branches_covered": 100.0, "percent_branches_covered_display": "100"}, "missing_lines": [], "excluded_lines": [], "start_line": 1, "executed_branches": [], "missing_branches": []}}}, "src\\duckkb\\engine\\__init__.py": {"executed_lines": [3, 4, 5, 6, 8], "summary": {"covered_lines": 5, "num_statements": 5, "percent_covered": 100.0, "percent_covered_display": "100", "missing_lines": 0, "excluded_lines": 0, "percent_statements_covered": 100.0, "percent_statements_covered_display": "100", "num_branches": 0, "num_partial_branches": 0, "covered_branches": 0, "missing_branches": 0, "percent_branches_covered": 100.0, "percent_branches_covered_display": "100"}, "missing_lines": [], "excluded_lines": [], "executed_branches": [], "missing_branches": [], "functions": {"": {"executed_lines": [3, 4, 5, 6, 8], "summary": {"covered_lines": 5, "num_statements": 5, "percent_covered": 100.0, "percent_covered_display": "100", "missing_lines": 0, "excluded_lines": 0, "percent_statements_covered": 100.0, "percent_statements_covered_display": "100", "num_branches": 0, "num_partial_branches": 0, "covered_branches": 0, "missing_branches": 0, "percent_branches_covered": 100.0, "percent_branches_covered_display": "100"}, "missing_lines": [], "excluded_lines": [], "start_line": 1, "executed_branches": [], "missing_branches": []}}, "classes": {"": {"executed_lines": [3, 4, 5, 6, 8], "summary": {"covered_lines": 5, "num_statements": 5, "percent_covered": 100.0, "percent_covered_display": "100", "missing_lines": 0, "excluded_lines": 0, "percent_statements_covered": 100.0, "percent_statements_covered_display": "100", "num_branches": 0, "num_partial_branches": 0, "covered_branches": 0, "missing_branches": 0, "percent_branches_covered": 100.0, "percent_branches_covered_display": "100"}, "missing_lines": [], "excluded_lines": [], "start_line": 1, "executed_branches": [], "missing_branches": []}}}, "src\\duckkb\\engine\\cache.py": {"executed_lines": [3, 5, 6, 7, 10, 17, 18, 19, 24, 26, 27], "summary": {"covered_lines": 11, "num_statements": 13, "percent_covered": 84.61538461538461, "percent_covered_display": "85", "missing_lines": 2, "excluded_lines": 0, "percent_statements_covered": 84.61538461538461, "percent_statements_covered_display": "85", "num_branches": 0, "num_partial_branches": 0, "covered_branches": 0, "missing_branches": 0, "percent_branches_covered": 100.0, "percent_branches_covered_display": "100"}, "missing_lines": [20, 21], "excluded_lines": [], "executed_branches": [], "missing_branches": [], "functions": {"clean_cache": {"executed_lines": [17, 18, 19], "summary": {"covered_lines": 3, "num_statements": 5, "percent_covered": 60.0, "percent_covered_display": "60", "missing_lines": 2, "excluded_lines": 0, "percent_statements_covered": 60.0, "percent_statements_covered_display": "60", "num_branches": 0, "num_partial_branches": 0, "covered_branches": 0, "missing_branches": 0, "percent_branches_covered": 100.0, "percent_branches_covered_display": "100"}, "missing_lines": [20, 21], "excluded_lines": [], "start_line": 10, "executed_branches": [], "missing_branches": []}, "_execute_gc": {"executed_lines": [26, 27], "summary": {"covered_lines": 2, "num_statements": 2, "percent_covered": 100.0, "percent_covered_display": "100", "missing_lines": 0, "excluded_lines": 0, "percent_statements_covered": 100.0, "percent_statements_covered_display": "100", "num_branches": 0, "num_partial_branches": 0, "covered_branches": 0, "missing_branches": 0, "percent_branches_covered": 100.0, "percent_branches_covered_display": "100"}, "missing_lines": [], "excluded_lines": [], "start_line": 24, "executed_branches": [], "missing_branches": []}, "": {"executed_lines": [3, 5, 6, 7, 10, 24], "summary": {"covered_lines": 6, "num_statements": 6, "percent_covered": 100.0, "percent_covered_display": "100", "missing_lines": 0, "excluded_lines": 0, "percent_statements_covered": 100.0, "percent_statements_covered_display": "100", "num_branches": 0, "num_partial_branches": 0, "covered_branches": 0, "missing_branches": 0, "percent_branches_covered": 100.0, "percent_branches_covered_display": "100"}, "missing_lines": [], "excluded_lines": [], "start_line": 1, "executed_branches": [], "missing_branches": []}}, "classes": {"": {"executed_lines": [3, 5, 6, 7, 10, 17, 18, 19, 24, 26, 27], "summary": {"covered_lines": 11, "num_statements": 13, "percent_covered": 84.61538461538461, "percent_covered_display": "85", "missing_lines": 2, "excluded_lines": 0, "percent_statements_covered": 84.61538461538461, "percent_statements_covered_display": "85", "num_branches": 0, "num_partial_branches": 0, "covered_branches": 0, "missing_branches": 0, "percent_branches_covered": 100.0, "percent_branches_covered_display": "100"}, "missing_lines": [20, 21], "excluded_lines": [], "start_line": 1, "executed_branches": [], "missing_branches": []}}}, "src\\duckkb\\engine\\importer.py": {"executed_lines": [3, 4, 6, 8, 9, 10, 11, 14, 36, 37, 39, 40, 42, 43, 44, 46, 47, 49, 50, 51, 52, 53, 55, 56, 58, 60, 61, 66, 67, 68, 70, 72, 73, 74, 76, 77, 78, 79, 80, 81, 83, 84, 86, 87, 89, 91, 92, 99, 100, 102], "summary": {"covered_lines": 50, "num_statements": 58, "percent_covered": 84.21052631578948, "percent_covered_display": "84", "missing_lines": 8, "excluded_lines": 0, "percent_statements_covered": 86.20689655172414, "percent_statements_covered_display": "86", "num_branches": 18, "num_partial_branches": 4, "covered_branches": 14, "missing_branches": 4, "percent_branches_covered": 77.77777777777777, "percent_branches_covered_display": "78"}, "missing_lines": [48, 63, 64, 69, 93, 94, 96, 97], "excluded_lines": [], "executed_branches": [[36, 37], [36, 39], [46, 47], [46, 66], [47, 49], [51, 52], [51, 55], [55, 56], [55, 58], [66, 67], [66, 72], [68, 70], [78, 79], [80, 81]], "missing_branches": [[47, 48], [68, 69], [78, 83], [80, 83]], "functions": {"validate_and_import": {"executed_lines": [36, 37, 39, 40, 42, 43, 44, 46, 47, 49, 50, 51, 52, 53, 55, 56, 58, 60, 61, 66, 67, 68, 70, 72, 73, 74, 76, 77, 78, 79, 80, 81, 83, 84, 86, 87, 89, 91, 92, 99, 100, 102], "summary": {"covered_lines": 42, "num_statements": 50, "percent_covered": 82.3529411764706, "percent_covered_display": "82", "missing_lines": 8, "excluded_lines": 0, "percent_statements_covered": 84.0, "percent_statements_covered_display": "84", "num_branches": 18, "num_partial_branches": 4, "covered_branches": 14, "missing_branches": 4, "percent_branches_covered": 77.77777777777777, "percent_branches_covered_display": "78"}, "missing_lines": [48, 63, 64, 69, 93, 94, 96, 97], "excluded_lines": [], "start_line": 14, "executed_branches": [[36, 37], [36, 39], [46, 47], [46, 66], [47, 49], [51, 52], [51, 55], [55, 56], [55, 58], [66, 67], [66, 72], [68, 70], [78, 79], [80, 81]], "missing_branches": [[47, 48], [68, 69], [78, 83], [80, 83]]}, "": {"executed_lines": [3, 4, 6, 8, 9, 10, 11, 14], "summary": {"covered_lines": 8, "num_statements": 8, "percent_covered": 100.0, "percent_covered_display": "100", "missing_lines": 0, "excluded_lines": 0, "percent_statements_covered": 100.0, "percent_statements_covered_display": "100", "num_branches": 0, "num_partial_branches": 0, "covered_branches": 0, "missing_branches": 0, "percent_branches_covered": 100.0, "percent_branches_covered_display": "100"}, "missing_lines": [], "excluded_lines": [], "start_line": 1, "executed_branches": [], "missing_branches": []}}, "classes": {"": {"executed_lines": [3, 4, 6, 8, 9, 10, 11, 14, 36, 37, 39, 40, 42, 43, 44, 46, 47, 49, 50, 51, 52, 53, 55, 56, 58, 60, 61, 66, 67, 68, 70, 72, 73, 74, 76, 77, 78, 79, 80, 81, 83, 84, 86, 87, 89, 91, 92, 99, 100, 102], "summary": {"covered_lines": 50, "num_statements": 58, "percent_covered": 84.21052631578948, "percent_covered_display": "84", "missing_lines": 8, "excluded_lines": 0, "percent_statements_covered": 86.20689655172414, "percent_statements_covered_display": "86", "num_branches": 18, "num_partial_branches": 4, "covered_branches": 14, "missing_branches": 4, "percent_branches_covered": 77.77777777777777, "percent_branches_covered_display": "78"}, "missing_lines": [48, 63, 64, 69, 93, 94, 96, 97], "excluded_lines": [], "start_line": 1, "executed_branches": [[36, 37], [36, 39], [46, 47], [46, 66], [47, 49], [51, 52], [51, 55], [55, 56], [55, 58], [66, 67], [66, 72], [68, 70], [78, 79], [80, 81]], "missing_branches": [[47, 48], [68, 69], [78, 83], [80, 83]]}}}, "src\\duckkb\\engine\\searcher.py": {"executed_lines": [1, 2, 3, 5, 7, 8, 9, 10, 11, 14, 29, 30, 32, 33, 34, 36, 37, 38, 40, 41, 42, 44, 45, 46, 47, 51, 52, 63, 74, 96, 97, 98, 99, 101, 102, 103, 104, 106, 107, 109, 111, 139, 140, 141, 142, 144, 145, 146, 147, 148, 149, 153, 162, 163, 164, 165, 168, 178, 180, 201, 202, 203, 205, 206, 208, 211, 212, 213, 214, 215, 217, 218, 220, 222, 223, 224, 233], "summary": {"covered_lines": 77, "num_statements": 102, "percent_covered": 73.77049180327869, "percent_covered_display": "74", "missing_lines": 25, "excluded_lines": 0, "percent_statements_covered": 75.49019607843137, "percent_statements_covered_display": "75", "num_branches": 20, "num_partial_branches": 5, "covered_branches": 13, "missing_branches": 7, "percent_branches_covered": 65.0, "percent_branches_covered_display": "65"}, "missing_lines": [39, 48, 49, 113, 114, 115, 116, 127, 129, 130, 131, 133, 134, 136, 150, 151, 216, 225, 228, 229, 230, 231, 234, 235, 236], "excluded_lines": [], "executed_branches": [[29, 30], [29, 32], [38, 44], [47, 51], [145, 146], [145, 162], [147, 148], [202, 203], [202, 205], [205, 206], [205, 208], [215, 217], [224, 233]], "missing_branches": [[38, 39], [47, 48], [129, 130], [129, 133], [147, 153], [215, 216], [224, 225]], "functions": {"smart_search": {"executed_lines": [29, 30, 32, 33, 34, 36, 37, 38, 40, 41, 42, 44, 45, 46, 47, 51, 52, 63, 74, 96, 97, 98, 99, 101, 102, 103, 104, 106, 107, 109, 111], "summary": {"covered_lines": 31, "num_statements": 45, "percent_covered": 66.0377358490566, "percent_covered_display": "66", "missing_lines": 14, "excluded_lines": 0, "percent_statements_covered": 68.88888888888889, "percent_statements_covered_display": "69", "num_branches": 8, "num_partial_branches": 2, "covered_branches": 4, "missing_branches": 4, "percent_branches_covered": 50.0, "percent_branches_covered_display": "50"}, "missing_lines": [39, 48, 49, 113, 114, 115, 116, 127, 129, 130, 131, 133, 134, 136], "excluded_lines": [], "start_line": 14, "executed_branches": [[29, 30], [29, 32], [38, 44], [47, 51]], "missing_branches": [[38, 39], [47, 48], [129, 130], [129, 133]]}, "_execute_search": {"executed_lines": [140, 141, 142, 144, 145, 146, 147, 148, 149, 153, 162, 163, 164, 165], "summary": {"covered_lines": 14, "num_statements": 16, "percent_covered": 85.0, "percent_covered_display": "85", "missing_lines": 2, "excluded_lines": 0, "percent_statements_covered": 87.5, "percent_statements_covered_display": "88", "num_branches": 4, "num_partial_branches": 1, "covered_branches": 3, "missing_branches": 1, "percent_branches_covered": 75.0, "percent_branches_covered_display": "75"}, "missing_lines": [150, 151], "excluded_lines": [], "start_line": 139, "executed_branches": [[145, 146], [145, 162], [147, 148]], "missing_branches": [[147, 153]]}, "query_raw_sql": {"executed_lines": [178, 180, 201, 202, 203, 205, 206, 208], "summary": {"covered_lines": 8, "num_statements": 8, "percent_covered": 100.0, "percent_covered_display": "100", "missing_lines": 0, "excluded_lines": 0, "percent_statements_covered": 100.0, "percent_statements_covered_display": "100", "num_branches": 4, "num_partial_branches": 0, "covered_branches": 4, "missing_branches": 0, "percent_branches_covered": 100.0, "percent_branches_covered_display": "100"}, "missing_lines": [], "excluded_lines": [], "start_line": 168, "executed_branches": [[202, 203], [202, 205], [205, 206], [205, 208]], "missing_branches": []}, "_execute_raw": {"executed_lines": [212, 213, 214, 215, 217, 218, 220, 222, 223, 224, 233], "summary": {"covered_lines": 11, "num_statements": 20, "percent_covered": 54.166666666666664, "percent_covered_display": "54", "missing_lines": 9, "excluded_lines": 0, "percent_statements_covered": 55.0, "percent_statements_covered_display": "55", "num_branches": 4, "num_partial_branches": 2, "covered_branches": 2, "missing_branches": 2, "percent_branches_covered": 50.0, "percent_branches_covered_display": "50"}, "missing_lines": [216, 225, 228, 229, 230, 231, 234, 235, 236], "excluded_lines": [], "start_line": 211, "executed_branches": [[215, 217], [224, 233]], "missing_branches": [[215, 216], [224, 225]]}, "": {"executed_lines": [1, 2, 3, 5, 7, 8, 9, 10, 11, 14, 139, 168, 211], "summary": {"covered_lines": 13, "num_statements": 13, "percent_covered": 100.0, "percent_covered_display": "100", "missing_lines": 0, "excluded_lines": 0, "percent_statements_covered": 100.0, "percent_statements_covered_display": "100", "num_branches": 0, "num_partial_branches": 0, "covered_branches": 0, "missing_branches": 0, "percent_branches_covered": 100.0, "percent_branches_covered_display": "100"}, "missing_lines": [], "excluded_lines": [], "start_line": 1, "executed_branches": [], "missing_branches": []}}, "classes": {"": {"executed_lines": [1, 2, 3, 5, 7, 8, 9, 10, 11, 14, 29, 30, 32, 33, 34, 36, 37, 38, 40, 41, 42, 44, 45, 46, 47, 51, 52, 63, 74, 96, 97, 98, 99, 101, 102, 103, 104, 106, 107, 109, 111, 139, 140, 141, 142, 144, 145, 146, 147, 148, 149, 153, 162, 163, 164, 165, 168, 178, 180, 201, 202, 203, 205, 206, 208, 211, 212, 213, 214, 215, 217, 218, 220, 222, 223, 224, 233], "summary": {"covered_lines": 77, "num_statements": 102, "percent_covered": 73.77049180327869, "percent_covered_display": "74", "missing_lines": 25, "excluded_lines": 0, "percent_statements_covered": 75.49019607843137, "percent_statements_covered_display": "75", "num_branches": 20, "num_partial_branches": 5, "covered_branches": 13, "missing_branches": 7, "percent_branches_covered": 65.0, "percent_branches_covered_display": "65"}, "missing_lines": [39, 48, 49, 113, 114, 115, 116, 127, 129, 130, 131, 133, 134, 136, 150, 151, 216, 225, 228, 229, 230, 231, 234, 235, 236], "excluded_lines": [], "start_line": 1, "executed_branches": [[29, 30], [29, 32], [38, 44], [47, 51], [145, 146], [145, 162], [147, 148], [202, 203], [202, 205], [205, 206], [205, 208], [215, 217], [224, 233]], "missing_branches": [[38, 39], [47, 48], [129, 130], [129, 133], [147, 153], [215, 216], [224, 225]]}}}, "src\\duckkb\\engine\\sync.py": {"executed_lines": [3, 4, 6, 8, 9, 10, 11, 12, 13, 15, 18, 28, 30, 31, 35, 36, 37, 38, 39, 43, 44, 45, 47, 51, 53, 54, 55, 59, 60, 62, 63, 64, 67, 68, 70, 73, 75, 76, 77, 78, 79, 80, 81, 82, 83, 84, 87, 89, 90, 94, 96, 97, 98, 101, 102, 103, 105, 108, 110, 111, 116, 117, 118, 125, 127, 128, 129, 131, 134, 135, 137, 149, 150, 153, 155, 156, 157, 158, 159, 160, 161], "summary": {"covered_lines": 81, "num_statements": 103, "percent_covered": 77.86259541984732, "percent_covered_display": "78", "missing_lines": 22, "excluded_lines": 0, "percent_statements_covered": 78.64077669902913, "percent_statements_covered_display": "79", "num_branches": 28, "num_partial_branches": 7, "covered_branches": 21, "missing_branches": 7, "percent_branches_covered": 75.0, "percent_branches_covered_display": "75"}, "missing_lines": [32, 33, 40, 41, 48, 49, 56, 57, 91, 92, 99, 106, 112, 113, 114, 121, 122, 123, 132, 162, 163, 164], "excluded_lines": [], "executed_branches": [[31, 35], [37, 38], [37, 43], [43, 44], [43, 59], [47, 51], [78, 79], [78, 84], [79, 80], [79, 81], [96, 97], [96, 105], [98, 101], [101, 96], [101, 102], [102, 103], [105, 108], [127, 128], [127, 149], [131, 134], [149, 150]], "missing_branches": [[31, 32], [47, 48], [98, 99], [102, 101], [105, 106], [131, 132], [149, -87]], "functions": {"sync_knowledge_base": {"executed_lines": [28, 30, 31, 35, 36, 37, 38, 39, 43, 44, 45, 47, 51, 53, 54, 55, 59, 60, 62, 63, 64, 67, 68, 70], "summary": {"covered_lines": 24, "num_statements": 32, "percent_covered": 75.0, "percent_covered_display": "75", "missing_lines": 8, "excluded_lines": 0, "percent_statements_covered": 75.0, "percent_statements_covered_display": "75", "num_branches": 8, "num_partial_branches": 2, "covered_branches": 6, "missing_branches": 2, "percent_branches_covered": 75.0, "percent_branches_covered_display": "75"}, "missing_lines": [32, 33, 40, 41, 48, 49, 56, 57], "excluded_lines": [], "start_line": 18, "executed_branches": [[31, 35], [37, 38], [37, 43], [43, 44], [43, 59], [47, 51]], "missing_branches": [[31, 32], [47, 48]]}, "_read_records": {"executed_lines": [75, 76, 77, 78, 79, 80, 81, 82, 83, 84], "summary": {"covered_lines": 10, "num_statements": 10, "percent_covered": 100.0, "percent_covered_display": "100", "missing_lines": 0, "excluded_lines": 0, "percent_statements_covered": 100.0, "percent_statements_covered_display": "100", "num_branches": 4, "num_partial_branches": 0, "covered_branches": 4, "missing_branches": 0, "percent_branches_covered": 100.0, "percent_branches_covered_display": "100"}, "missing_lines": [], "excluded_lines": [], "start_line": 73, "executed_branches": [[78, 79], [78, 84], [79, 80], [79, 81]], "missing_branches": []}, "_process_file": {"executed_lines": [89, 90, 94, 96, 97, 98, 101, 102, 103, 105, 108, 110, 111, 116, 117, 118, 125, 127, 128, 129, 131, 134, 135, 137, 149, 150], "summary": {"covered_lines": 26, "num_statements": 37, "percent_covered": 69.81132075471699, "percent_covered_display": "70", "missing_lines": 11, "excluded_lines": 0, "percent_statements_covered": 70.27027027027027, "percent_statements_covered_display": "70", "num_branches": 16, "num_partial_branches": 5, "covered_branches": 11, "missing_branches": 5, "percent_branches_covered": 68.75, "percent_branches_covered_display": "69"}, "missing_lines": [91, 92, 99, 106, 112, 113, 114, 121, 122, 123, 132], "excluded_lines": [], "start_line": 87, "executed_branches": [[96, 97], [96, 105], [98, 101], [101, 96], [101, 102], [102, 103], [105, 108], [127, 128], [127, 149], [131, 134], [149, 150]], "missing_branches": [[98, 99], [102, 101], [105, 106], [131, 132], [149, -87]]}, "_bulk_insert": {"executed_lines": [155, 156, 157, 158, 159, 160, 161], "summary": {"covered_lines": 7, "num_statements": 10, "percent_covered": 70.0, "percent_covered_display": "70", "missing_lines": 3, "excluded_lines": 0, "percent_statements_covered": 70.0, "percent_statements_covered_display": "70", "num_branches": 0, "num_partial_branches": 0, "covered_branches": 0, "missing_branches": 0, "percent_branches_covered": 100.0, "percent_branches_covered_display": "100"}, "missing_lines": [162, 163, 164], "excluded_lines": [], "start_line": 153, "executed_branches": [], "missing_branches": []}, "": {"executed_lines": [3, 4, 6, 8, 9, 10, 11, 12, 13, 15, 18, 73, 87, 153], "summary": {"covered_lines": 14, "num_statements": 14, "percent_covered": 100.0, "percent_covered_display": "100", "missing_lines": 0, "excluded_lines": 0, "percent_statements_covered": 100.0, "percent_statements_covered_display": "100", "num_branches": 0, "num_partial_branches": 0, "covered_branches": 0, "missing_branches": 0, "percent_branches_covered": 100.0, "percent_branches_covered_display": "100"}, "missing_lines": [], "excluded_lines": [], "start_line": 1, "executed_branches": [], "missing_branches": []}}, "classes": {"": {"executed_lines": [3, 4, 6, 8, 9, 10, 11, 12, 13, 15, 18, 28, 30, 31, 35, 36, 37, 38, 39, 43, 44, 45, 47, 51, 53, 54, 55, 59, 60, 62, 63, 64, 67, 68, 70, 73, 75, 76, 77, 78, 79, 80, 81, 82, 83, 84, 87, 89, 90, 94, 96, 97, 98, 101, 102, 103, 105, 108, 110, 111, 116, 117, 118, 125, 127, 128, 129, 131, 134, 135, 137, 149, 150, 153, 155, 156, 157, 158, 159, 160, 161], "summary": {"covered_lines": 81, "num_statements": 103, "percent_covered": 77.86259541984732, "percent_covered_display": "78", "missing_lines": 22, "excluded_lines": 0, "percent_statements_covered": 78.64077669902913, "percent_statements_covered_display": "79", "num_branches": 28, "num_partial_branches": 7, "covered_branches": 21, "missing_branches": 7, "percent_branches_covered": 75.0, "percent_branches_covered_display": "75"}, "missing_lines": [32, 33, 40, 41, 48, 49, 56, 57, 91, 92, 99, 106, 112, 113, 114, 121, 122, 123, 132, 162, 163, 164], "excluded_lines": [], "start_line": 1, "executed_branches": [[31, 35], [37, 38], [37, 43], [43, 44], [43, 59], [47, 51], [78, 79], [78, 84], [79, 80], [79, 81], [96, 97], [96, 105], [98, 101], [101, 96], [101, 102], [102, 103], [105, 108], [127, 128], [127, 149], [131, 134], [149, 150]], "missing_branches": [[31, 32], [47, 48], [98, 99], [102, 101], [105, 106], [131, 132], [149, -87]]}}}, "src\\duckkb\\exceptions.py": {"executed_lines": [8, 14, 17, 23, 26, 32, 35, 41], "summary": {"covered_lines": 8, "num_statements": 8, "percent_covered": 100.0, "percent_covered_display": "100", "missing_lines": 0, "excluded_lines": 0, "percent_statements_covered": 100.0, "percent_statements_covered_display": "100", "num_branches": 0, "num_partial_branches": 0, "covered_branches": 0, "missing_branches": 0, "percent_branches_covered": 100.0, "percent_branches_covered_display": "100"}, "missing_lines": [], "excluded_lines": [], "executed_branches": [], "missing_branches": [], "functions": {"": {"executed_lines": [8, 14, 17, 23, 26, 32, 35, 41], "summary": {"covered_lines": 8, "num_statements": 8, "percent_covered": 100.0, "percent_covered_display": "100", "missing_lines": 0, "excluded_lines": 0, "percent_statements_covered": 100.0, "percent_statements_covered_display": "100", "num_branches": 0, "num_partial_branches": 0, "covered_branches": 0, "missing_branches": 0, "percent_branches_covered": 100.0, "percent_branches_covered_display": "100"}, "missing_lines": [], "excluded_lines": [], "start_line": 1, "executed_branches": [], "missing_branches": []}}, "classes": {"DuckKBError": {"executed_lines": [], "summary": {"covered_lines": 0, "num_statements": 0, "percent_covered": 100.0, "percent_covered_display": "100", "missing_lines": 0, "excluded_lines": 0, "percent_statements_covered": 100.0, "percent_statements_covered_display": "100", "num_branches": 0, "num_partial_branches": 0, "covered_branches": 0, "missing_branches": 0, "percent_branches_covered": 100.0, "percent_branches_covered_display": "100"}, "missing_lines": [], "excluded_lines": [], "start_line": 8, "executed_branches": [], "missing_branches": []}, "ConfigurationError": {"executed_lines": [], "summary": {"covered_lines": 0, "num_statements": 0, "percent_covered": 100.0, "percent_covered_display": "100", "missing_lines": 0, "excluded_lines": 0, "percent_statements_covered": 100.0, "percent_statements_covered_display": "100", "num_branches": 0, "num_partial_branches": 0, "covered_branches": 0, "missing_branches": 0, "percent_branches_covered": 100.0, "percent_branches_covered_display": "100"}, "missing_lines": [], "excluded_lines": [], "start_line": 17, "executed_branches": [], "missing_branches": []}, "DatabaseError": {"executed_lines": [], "summary": {"covered_lines": 0, "num_statements": 0, "percent_covered": 100.0, "percent_covered_display": "100", "missing_lines": 0, "excluded_lines": 0, "percent_statements_covered": 100.0, "percent_statements_covered_display": "100", "num_branches": 0, "num_partial_branches": 0, "covered_branches": 0, "missing_branches": 0, "percent_branches_covered": 100.0, "percent_branches_covered_display": "100"}, "missing_lines": [], "excluded_lines": [], "start_line": 26, "executed_branches": [], "missing_branches": []}, "SyncError": {"executed_lines": [], "summary": {"covered_lines": 0, "num_statements": 0, "percent_covered": 100.0, "percent_covered_display": "100", "missing_lines": 0, "excluded_lines": 0, "percent_statements_covered": 100.0, "percent_statements_covered_display": "100", "num_branches": 0, "num_partial_branches": 0, "covered_branches": 0, "missing_branches": 0, "percent_branches_covered": 100.0, "percent_branches_covered_display": "100"}, "missing_lines": [], "excluded_lines": [], "start_line": 35, "executed_branches": [], "missing_branches": []}, "": {"executed_lines": [8, 14, 17, 23, 26, 32, 35, 41], "summary": {"covered_lines": 8, "num_statements": 8, "percent_covered": 100.0, "percent_covered_display": "100", "missing_lines": 0, "excluded_lines": 0, "percent_statements_covered": 100.0, "percent_statements_covered_display": "100", "num_branches": 0, "num_partial_branches": 0, "covered_branches": 0, "missing_branches": 0, "percent_branches_covered": 100.0, "percent_branches_covered_display": "100"}, "missing_lines": [], "excluded_lines": [], "start_line": 1, "executed_branches": [], "missing_branches": []}}}, "src\\duckkb\\logger.py": {"executed_lines": [6, 8, 11, 19, 26, 27, 30], "summary": {"covered_lines": 7, "num_statements": 7, "percent_covered": 100.0, "percent_covered_display": "100", "missing_lines": 0, "excluded_lines": 0, "percent_statements_covered": 100.0, "percent_statements_covered_display": "100", "num_branches": 0, "num_partial_branches": 0, "covered_branches": 0, "missing_branches": 0, "percent_branches_covered": 100.0, "percent_branches_covered_display": "100"}, "missing_lines": [], "excluded_lines": [], "executed_branches": [], "missing_branches": [], "functions": {"setup_logging": {"executed_lines": [19, 26, 27], "summary": {"covered_lines": 3, "num_statements": 3, "percent_covered": 100.0, "percent_covered_display": "100", "missing_lines": 0, "excluded_lines": 0, "percent_statements_covered": 100.0, "percent_statements_covered_display": "100", "num_branches": 0, "num_partial_branches": 0, "covered_branches": 0, "missing_branches": 0, "percent_branches_covered": 100.0, "percent_branches_covered_display": "100"}, "missing_lines": [], "excluded_lines": [], "start_line": 11, "executed_branches": [], "missing_branches": []}, "": {"executed_lines": [6, 8, 11, 30], "summary": {"covered_lines": 4, "num_statements": 4, "percent_covered": 100.0, "percent_covered_display": "100", "missing_lines": 0, "excluded_lines": 0, "percent_statements_covered": 100.0, "percent_statements_covered_display": "100", "num_branches": 0, "num_partial_branches": 0, "covered_branches": 0, "missing_branches": 0, "percent_branches_covered": 100.0, "percent_branches_covered_display": "100"}, "missing_lines": [], "excluded_lines": [], "start_line": 1, "executed_branches": [], "missing_branches": []}}, "classes": {"": {"executed_lines": [6, 8, 11, 19, 26, 27, 30], "summary": {"covered_lines": 7, "num_statements": 7, "percent_covered": 100.0, "percent_covered_display": "100", "missing_lines": 0, "excluded_lines": 0, "percent_statements_covered": 100.0, "percent_statements_covered_display": "100", "num_branches": 0, "num_partial_branches": 0, "covered_branches": 0, "missing_branches": 0, "percent_branches_covered": 100.0, "percent_branches_covered_display": "100"}, "missing_lines": [], "excluded_lines": [], "start_line": 1, "executed_branches": [], "missing_branches": []}}}, "src\\duckkb\\main.py": {"executed_lines": [6, 7, 9, 11, 12, 13, 14, 15, 17, 19, 22, 23, 38, 39, 40, 41, 44, 45, 50, 51, 54, 57, 58, 60, 63], "summary": {"covered_lines": 25, "num_statements": 28, "percent_covered": 87.5, "percent_covered_display": "88", "missing_lines": 3, "excluded_lines": 0, "percent_statements_covered": 89.28571428571429, "percent_statements_covered_display": "89", "num_branches": 4, "num_partial_branches": 1, "covered_branches": 3, "missing_branches": 1, "percent_branches_covered": 75.0, "percent_branches_covered_display": "75"}, "missing_lines": [52, 53, 64], "excluded_lines": [], "executed_branches": [[38, 39], [38, 40], [63, -1]], "missing_branches": [[63, 64]], "functions": {"main": {"executed_lines": [38, 39, 40, 41], "summary": {"covered_lines": 4, "num_statements": 4, "percent_covered": 100.0, "percent_covered_display": "100", "missing_lines": 0, "excluded_lines": 0, "percent_statements_covered": 100.0, "percent_statements_covered_display": "100", "num_branches": 2, "num_partial_branches": 0, "covered_branches": 2, "missing_branches": 0, "percent_branches_covered": 100.0, "percent_branches_covered_display": "100"}, "missing_lines": [], "excluded_lines": [], "start_line": 23, "executed_branches": [[38, 39], [38, 40]], "missing_branches": []}, "serve": {"executed_lines": [50, 51, 54], "summary": {"covered_lines": 3, "num_statements": 5, "percent_covered": 60.0, "percent_covered_display": "60", "missing_lines": 2, "excluded_lines": 0, "percent_statements_covered": 60.0, "percent_statements_covered_display": "60", "num_branches": 0, "num_partial_branches": 0, "covered_branches": 0, "missing_branches": 0, "percent_branches_covered": 100.0, "percent_branches_covered_display": "100"}, "missing_lines": [52, 53], "excluded_lines": [], "start_line": 45, "executed_branches": [], "missing_branches": []}, "version": {"executed_lines": [60], "summary": {"covered_lines": 1, "num_statements": 1, "percent_covered": 100.0, "percent_covered_display": "100", "missing_lines": 0, "excluded_lines": 0, "percent_statements_covered": 100.0, "percent_statements_covered_display": "100", "num_branches": 0, "num_partial_branches": 0, "covered_branches": 0, "missing_branches": 0, "percent_branches_covered": 100.0, "percent_branches_covered_display": "100"}, "missing_lines": [], "excluded_lines": [], "start_line": 58, "executed_branches": [], "missing_branches": []}, "": {"executed_lines": [6, 7, 9, 11, 12, 13, 14, 15, 17, 19, 22, 23, 44, 45, 57, 58, 63], "summary": {"covered_lines": 17, "num_statements": 18, "percent_covered": 90.0, "percent_covered_display": "90", "missing_lines": 1, "excluded_lines": 0, "percent_statements_covered": 94.44444444444444, "percent_statements_covered_display": "94", "num_branches": 2, "num_partial_branches": 1, "covered_branches": 1, "missing_branches": 1, "percent_branches_covered": 50.0, "percent_branches_covered_display": "50"}, "missing_lines": [64], "excluded_lines": [], "start_line": 1, "executed_branches": [[63, -1]], "missing_branches": [[63, 64]]}}, "classes": {"": {"executed_lines": [6, 7, 9, 11, 12, 13, 14, 15, 17, 19, 22, 23, 38, 39, 40, 41, 44, 45, 50, 51, 54, 57, 58, 60, 63], "summary": {"covered_lines": 25, "num_statements": 28, "percent_covered": 87.5, "percent_covered_display": "88", "missing_lines": 3, "excluded_lines": 0, "percent_statements_covered": 89.28571428571429, "percent_statements_covered_display": "89", "num_branches": 4, "num_partial_branches": 1, "covered_branches": 3, "missing_branches": 1, "percent_branches_covered": 75.0, "percent_branches_covered_display": "75"}, "missing_lines": [52, 53, 64], "excluded_lines": [], "start_line": 1, "executed_branches": [[38, 39], [38, 40], [63, -1]], "missing_branches": [[63, 64]]}}}, "src\\duckkb\\mcp\\__init__.py": {"executed_lines": [], "summary": {"covered_lines": 0, "num_statements": 0, "percent_covered": 100.0, "percent_covered_display": "100", "missing_lines": 0, "excluded_lines": 0, "percent_statements_covered": 100.0, "percent_statements_covered_display": "100", "num_branches": 0, "num_partial_branches": 0, "covered_branches": 0, "missing_branches": 0, "percent_branches_covered": 100.0, "percent_branches_covered_display": "100"}, "missing_lines": [], "excluded_lines": [], "executed_branches": [], "missing_branches": [], "functions": {"": {"executed_lines": [], "summary": {"covered_lines": 0, "num_statements": 0, "percent_covered": 100.0, "percent_covered_display": "100", "missing_lines": 0, "excluded_lines": 0, "percent_statements_covered": 100.0, "percent_statements_covered_display": "100", "num_branches": 0, "num_partial_branches": 0, "covered_branches": 0, "missing_branches": 0, "percent_branches_covered": 100.0, "percent_branches_covered_display": "100"}, "missing_lines": [], "excluded_lines": [], "start_line": 1, "executed_branches": [], "missing_branches": []}}, "classes": {"": {"executed_lines": [], "summary": {"covered_lines": 0, "num_statements": 0, "percent_covered": 100.0, "percent_covered_display": "100", "missing_lines": 0, "excluded_lines": 0, "percent_statements_covered": 100.0, "percent_statements_covered_display": "100", "num_branches": 0, "num_partial_branches": 0, "covered_branches": 0, "missing_branches": 0, "percent_branches_covered": 100.0, "percent_branches_covered_display": "100"}, "missing_lines": [], "excluded_lines": [], "start_line": 1, "executed_branches": [], "missing_branches": []}}}, "src\\duckkb\\mcp\\server.py": {"executed_lines": [16, 17, 19, 21, 22, 23, 24, 25, 26, 27, 29, 32, 33, 63, 64, 78, 79, 92, 93, 117, 118, 138, 139], "summary": {"covered_lines": 23, "num_statements": 37, "percent_covered": 62.16216216216216, "percent_covered_display": "62", "missing_lines": 14, "excluded_lines": 0, "percent_statements_covered": 62.16216216216216, "percent_statements_covered_display": "62", "num_branches": 0, "num_partial_branches": 0, "covered_branches": 0, "missing_branches": 0, "percent_branches_covered": 100.0, "percent_branches_covered_display": "100"}, "missing_lines": [47, 48, 49, 51, 53, 60, 74, 75, 89, 113, 114, 134, 135, 159], "excluded_lines": [], "executed_branches": [], "missing_branches": [], "functions": {"check_health": {"executed_lines": [], "summary": {"covered_lines": 0, "num_statements": 6, "percent_covered": 0.0, "percent_covered_display": "0", "missing_lines": 6, "excluded_lines": 0, "percent_statements_covered": 0.0, "percent_statements_covered_display": "0", "num_branches": 0, "num_partial_branches": 0, "covered_branches": 0, "missing_branches": 0, "percent_branches_covered": 100.0, "percent_branches_covered_display": "100"}, "missing_lines": [47, 48, 49, 51, 53, 60], "excluded_lines": [], "start_line": 33, "executed_branches": [], "missing_branches": []}, "sync_knowledge_base": {"executed_lines": [], "summary": {"covered_lines": 0, "num_statements": 2, "percent_covered": 0.0, "percent_covered_display": "0", "missing_lines": 2, "excluded_lines": 0, "percent_statements_covered": 0.0, "percent_statements_covered_display": "0", "num_branches": 0, "num_partial_branches": 0, "covered_branches": 0, "missing_branches": 0, "percent_branches_covered": 100.0, "percent_branches_covered_display": "100"}, "missing_lines": [74, 75], "excluded_lines": [], "start_line": 64, "executed_branches": [], "missing_branches": []}, "get_schema_info": {"executed_lines": [], "summary": {"covered_lines": 0, "num_statements": 1, "percent_covered": 0.0, "percent_covered_display": "0", "missing_lines": 1, "excluded_lines": 0, "percent_statements_covered": 0.0, "percent_statements_covered_display": "0", "num_branches": 0, "num_partial_branches": 0, "covered_branches": 0, "missing_branches": 0, "percent_branches_covered": 100.0, "percent_branches_covered_display": "100"}, "missing_lines": [89], "excluded_lines": [], "start_line": 79, "executed_branches": [], "missing_branches": []}, "smart_search": {"executed_lines": [], "summary": {"covered_lines": 0, "num_statements": 2, "percent_covered": 0.0, "percent_covered_display": "0", "missing_lines": 2, "excluded_lines": 0, "percent_statements_covered": 0.0, "percent_statements_covered_display": "0", "num_branches": 0, "num_partial_branches": 0, "covered_branches": 0, "missing_branches": 0, "percent_branches_covered": 100.0, "percent_branches_covered_display": "100"}, "missing_lines": [113, 114], "excluded_lines": [], "start_line": 93, "executed_branches": [], "missing_branches": []}, "query_raw_sql": {"executed_lines": [], "summary": {"covered_lines": 0, "num_statements": 2, "percent_covered": 0.0, "percent_covered_display": "0", "missing_lines": 2, "excluded_lines": 0, "percent_statements_covered": 0.0, "percent_statements_covered_display": "0", "num_branches": 0, "num_partial_branches": 0, "covered_branches": 0, "missing_branches": 0, "percent_branches_covered": 100.0, "percent_branches_covered_display": "100"}, "missing_lines": [134, 135], "excluded_lines": [], "start_line": 118, "executed_branches": [], "missing_branches": []}, "validate_and_import": {"executed_lines": [], "summary": {"covered_lines": 0, "num_statements": 1, "percent_covered": 0.0, "percent_covered_display": "0", "missing_lines": 1, "excluded_lines": 0, "percent_statements_covered": 0.0, "percent_statements_covered_display": "0", "num_branches": 0, "num_partial_branches": 0, "covered_branches": 0, "missing_branches": 0, "percent_branches_covered": 100.0, "percent_branches_covered_display": "100"}, "missing_lines": [159], "excluded_lines": [], "start_line": 139, "executed_branches": [], "missing_branches": []}, "": {"executed_lines": [16, 17, 19, 21, 22, 23, 24, 25, 26, 27, 29, 32, 33, 63, 64, 78, 79, 92, 93, 117, 118, 138, 139], "summary": {"covered_lines": 23, "num_statements": 23, "percent_covered": 100.0, "percent_covered_display": "100", "missing_lines": 0, "excluded_lines": 0, "percent_statements_covered": 100.0, "percent_statements_covered_display": "100", "num_branches": 0, "num_partial_branches": 0, "covered_branches": 0, "missing_branches": 0, "percent_branches_covered": 100.0, "percent_branches_covered_display": "100"}, "missing_lines": [], "excluded_lines": [], "start_line": 1, "executed_branches": [], "missing_branches": []}}, "classes": {"": {"executed_lines": [16, 17, 19, 21, 22, 23, 24, 25, 26, 27, 29, 32, 33, 63, 64, 78, 79, 92, 93, 117, 118, 138, 139], "summary": {"covered_lines": 23, "num_statements": 37, "percent_covered": 62.16216216216216, "percent_covered_display": "62", "missing_lines": 14, "excluded_lines": 0, "percent_statements_covered": 62.16216216216216, "percent_statements_covered_display": "62", "num_branches": 0, "num_partial_branches": 0, "covered_branches": 0, "missing_branches": 0, "percent_branches_covered": 100.0, "percent_branches_covered_display": "100"}, "missing_lines": [47, 48, 49, 51, 53, 60, 74, 75, 89, 113, 114, 134, 135, 159], "excluded_lines": [], "start_line": 1, "executed_branches": [], "missing_branches": []}}}, "src\\duckkb\\schema.py": {"executed_lines": [9, 10, 12, 13, 14, 15, 18, 27, 47, 56, 57, 62, 63, 64, 66, 67, 68, 70, 71, 72, 75, 77, 78, 79, 84, 98, 101, 102, 103, 104, 105, 106, 107, 108, 110, 119, 122, 131, 134, 136, 137, 138, 139, 140, 141, 142, 143, 144, 146, 147, 153, 154, 157, 163, 164, 171, 174, 179, 180, 181, 183, 184, 185, 187, 188, 197, 200, 206, 207, 208, 210, 211, 212, 216, 218, 219, 221, 222, 223, 224, 226, 227, 230], "summary": {"covered_lines": 83, "num_statements": 109, "percent_covered": 71.61290322580645, "percent_covered_display": "72", "missing_lines": 26, "excluded_lines": 0, "percent_statements_covered": 76.14678899082568, "percent_statements_covered_display": "76", "num_branches": 46, "num_partial_branches": 12, "covered_branches": 28, "missing_branches": 18, "percent_branches_covered": 60.869565217391305, "percent_branches_covered_display": "61"}, "missing_lines": [73, 80, 83, 85, 90, 91, 99, 132, 148, 149, 165, 166, 167, 168, 169, 170, 189, 190, 191, 192, 193, 194, 195, 213, 214, 228], "excluded_lines": [], "executed_branches": [[62, 63], [62, 119], [70, 71], [70, 110], [72, 75], [77, 78], [77, 84], [79, 70], [84, 98], [98, 101], [102, 70], [102, 103], [107, 70], [107, 108], [131, 134], [136, 137], [136, 146], [138, 136], [138, 139], [146, 147], [146, 153], [147, 146], [164, 171], [188, 197], [212, 216], [221, 222], [223, 224], [227, 230]], "missing_branches": [[72, 73], [79, 80], [84, 85], [90, 70], [90, 91], [98, 99], [131, 132], [147, 148], [148, 147], [148, 149], [164, 165], [167, 168], [167, 171], [188, 189], [212, 213], [221, 226], [223, 226], [227, 228]], "functions": {"get_sys_schema_ddl": {"executed_lines": [27], "summary": {"covered_lines": 1, "num_statements": 1, "percent_covered": 100.0, "percent_covered_display": "100", "missing_lines": 0, "excluded_lines": 0, "percent_statements_covered": 100.0, "percent_statements_covered_display": "100", "num_branches": 0, "num_partial_branches": 0, "covered_branches": 0, "missing_branches": 0, "percent_branches_covered": 100.0, "percent_branches_covered_display": "100"}, "missing_lines": [], "excluded_lines": [], "start_line": 18, "executed_branches": [], "missing_branches": []}, "_parse_table_definitions": {"executed_lines": [56, 57, 62, 63, 64, 66, 67, 68, 70, 71, 72, 75, 77, 78, 79, 84, 98, 101, 102, 103, 104, 105, 106, 107, 108, 110, 119], "summary": {"covered_lines": 27, "num_statements": 34, "percent_covered": 75.92592592592592, "percent_covered_display": "76", "missing_lines": 7, "excluded_lines": 0, "percent_statements_covered": 79.41176470588235, "percent_statements_covered_display": "79", "num_branches": 20, "num_partial_branches": 4, "covered_branches": 14, "missing_branches": 6, "percent_branches_covered": 70.0, "percent_branches_covered_display": "70"}, "missing_lines": [73, 80, 83, 85, 90, 91, 99], "excluded_lines": [], "start_line": 47, "executed_branches": [[62, 63], [62, 119], [70, 71], [70, 110], [72, 75], [77, 78], [77, 84], [79, 70], [84, 98], [98, 101], [102, 70], [102, 103], [107, 70], [107, 108]], "missing_branches": [[72, 73], [79, 80], [84, 85], [90, 70], [90, 91], [98, 99]]}, "_generate_mermaid_er": {"executed_lines": [131, 134, 136, 137, 138, 139, 140, 141, 142, 143, 144, 146, 147, 153, 154], "summary": {"covered_lines": 15, "num_statements": 18, "percent_covered": 76.66666666666667, "percent_covered_display": "77", "missing_lines": 3, "excluded_lines": 0, "percent_statements_covered": 83.33333333333333, "percent_statements_covered_display": "83", "num_branches": 12, "num_partial_branches": 2, "covered_branches": 8, "missing_branches": 4, "percent_branches_covered": 66.66666666666667, "percent_branches_covered_display": "67"}, "missing_lines": [132, 148, 149], "excluded_lines": [], "start_line": 122, "executed_branches": [[131, 134], [136, 137], [136, 146], [138, 136], [138, 139], [146, 147], [146, 153], [147, 146]], "missing_branches": [[131, 132], [147, 148], [148, 147], [148, 149]]}, "_get_kb_readme": {"executed_lines": [163, 164, 171], "summary": {"covered_lines": 3, "num_statements": 9, "percent_covered": 30.76923076923077, "percent_covered_display": "31", "missing_lines": 6, "excluded_lines": 0, "percent_statements_covered": 33.333333333333336, "percent_statements_covered_display": "33", "num_branches": 4, "num_partial_branches": 1, "covered_branches": 1, "missing_branches": 3, "percent_branches_covered": 25.0, "percent_branches_covered_display": "25"}, "missing_lines": [165, 166, 167, 168, 169, 170], "excluded_lines": [], "start_line": 157, "executed_branches": [[164, 171]], "missing_branches": [[164, 165], [167, 168], [167, 171]]}, "init_schema": {"executed_lines": [179, 180, 181, 183, 184, 185, 187, 188, 197], "summary": {"covered_lines": 9, "num_statements": 16, "percent_covered": 55.55555555555556, "percent_covered_display": "56", "missing_lines": 7, "excluded_lines": 0, "percent_statements_covered": 56.25, "percent_statements_covered_display": "56", "num_branches": 2, "num_partial_branches": 1, "covered_branches": 1, "missing_branches": 1, "percent_branches_covered": 50.0, "percent_branches_covered_display": "50"}, "missing_lines": [189, 190, 191, 192, 193, 194, 195], "excluded_lines": [], "start_line": 174, "executed_branches": [[188, 197]], "missing_branches": [[188, 189]]}, "get_schema_info": {"executed_lines": [206, 207, 208, 210, 211, 212, 216, 218, 219, 221, 222, 223, 224, 226, 227, 230], "summary": {"covered_lines": 16, "num_statements": 19, "percent_covered": 74.07407407407408, "percent_covered_display": "74", "missing_lines": 3, "excluded_lines": 0, "percent_statements_covered": 84.21052631578948, "percent_statements_covered_display": "84", "num_branches": 8, "num_partial_branches": 4, "covered_branches": 4, "missing_branches": 4, "percent_branches_covered": 50.0, "percent_branches_covered_display": "50"}, "missing_lines": [213, 214, 228], "excluded_lines": [], "start_line": 200, "executed_branches": [[212, 216], [221, 222], [223, 224], [227, 230]], "missing_branches": [[212, 213], [221, 226], [223, 226], [227, 228]]}, "": {"executed_lines": [9, 10, 12, 13, 14, 15, 18, 47, 122, 157, 174, 200], "summary": {"covered_lines": 12, "num_statements": 12, "percent_covered": 100.0, "percent_covered_display": "100", "missing_lines": 0, "excluded_lines": 0, "percent_statements_covered": 100.0, "percent_statements_covered_display": "100", "num_branches": 0, "num_partial_branches": 0, "covered_branches": 0, "missing_branches": 0, "percent_branches_covered": 100.0, "percent_branches_covered_display": "100"}, "missing_lines": [], "excluded_lines": [], "start_line": 1, "executed_branches": [], "missing_branches": []}}, "classes": {"": {"executed_lines": [9, 10, 12, 13, 14, 15, 18, 27, 47, 56, 57, 62, 63, 64, 66, 67, 68, 70, 71, 72, 75, 77, 78, 79, 84, 98, 101, 102, 103, 104, 105, 106, 107, 108, 110, 119, 122, 131, 134, 136, 137, 138, 139, 140, 141, 142, 143, 144, 146, 147, 153, 154, 157, 163, 164, 171, 174, 179, 180, 181, 183, 184, 185, 187, 188, 197, 200, 206, 207, 208, 210, 211, 212, 216, 218, 219, 221, 222, 223, 224, 226, 227, 230], "summary": {"covered_lines": 83, "num_statements": 109, "percent_covered": 71.61290322580645, "percent_covered_display": "72", "missing_lines": 26, "excluded_lines": 0, "percent_statements_covered": 76.14678899082568, "percent_statements_covered_display": "76", "num_branches": 46, "num_partial_branches": 12, "covered_branches": 28, "missing_branches": 18, "percent_branches_covered": 60.869565217391305, "percent_branches_covered_display": "61"}, "missing_lines": [73, 80, 83, 85, 90, 91, 99, 132, 148, 149, 165, 166, 167, 168, 169, 170, 189, 190, 191, 192, 193, 194, 195, 213, 214, 228], "excluded_lines": [], "start_line": 1, "executed_branches": [[62, 63], [62, 119], [70, 71], [70, 110], [72, 75], [77, 78], [77, 84], [79, 70], [84, 98], [98, 101], [102, 70], [102, 103], [107, 70], [107, 108], [131, 134], [136, 137], [136, 146], [138, 136], [138, 139], [146, 147], [146, 153], [147, 146], [164, 171], [188, 197], [212, 216], [221, 222], [223, 224], [227, 230]], "missing_branches": [[72, 73], [79, 80], [84, 85], [90, 70], [90, 91], [98, 99], [131, 132], [147, 148], [148, 147], [148, 149], [164, 165], [167, 168], [167, 171], [188, 189], [212, 213], [221, 226], [223, 226], [227, 228]]}}}, "src\\duckkb\\utils\\__init__.py": {"executed_lines": [], "summary": {"covered_lines": 0, "num_statements": 0, "percent_covered": 100.0, "percent_covered_display": "100", "missing_lines": 0, "excluded_lines": 0, "percent_statements_covered": 100.0, "percent_statements_covered_display": "100", "num_branches": 0, "num_partial_branches": 0, "covered_branches": 0, "missing_branches": 0, "percent_branches_covered": 100.0, "percent_branches_covered_display": "100"}, "missing_lines": [], "excluded_lines": [], "executed_branches": [], "missing_branches": [], "functions": {"": {"executed_lines": [], "summary": {"covered_lines": 0, "num_statements": 0, "percent_covered": 100.0, "percent_covered_display": "100", "missing_lines": 0, "excluded_lines": 0, "percent_statements_covered": 100.0, "percent_statements_covered_display": "100", "num_branches": 0, "num_partial_branches": 0, "covered_branches": 0, "missing_branches": 0, "percent_branches_covered": 100.0, "percent_branches_covered_display": "100"}, "missing_lines": [], "excluded_lines": [], "start_line": 1, "executed_branches": [], "missing_branches": []}}, "classes": {"": {"executed_lines": [], "summary": {"covered_lines": 0, "num_statements": 0, "percent_covered": 100.0, "percent_covered_display": "100", "missing_lines": 0, "excluded_lines": 0, "percent_statements_covered": 100.0, "percent_statements_covered_display": "100", "num_branches": 0, "num_partial_branches": 0, "covered_branches": 0, "missing_branches": 0, "percent_branches_covered": 100.0, "percent_branches_covered_display": "100"}, "missing_lines": [], "excluded_lines": [], "start_line": 1, "executed_branches": [], "missing_branches": []}}}, "src\\duckkb\\utils\\embedding.py": {"executed_lines": [8, 9, 11, 12, 13, 14, 15, 18, 29, 31, 32, 33, 34, 35, 41, 53, 55, 56, 57, 58, 59, 61, 62, 70, 91, 92, 94, 96, 98, 99, 100, 102, 103, 104, 106, 107, 109, 110, 111, 112, 113, 114, 117, 119, 120, 122, 123, 129, 132, 144, 145], "summary": {"covered_lines": 51, "num_statements": 61, "percent_covered": 84.41558441558442, "percent_covered_display": "84", "missing_lines": 10, "excluded_lines": 0, "percent_statements_covered": 83.60655737704919, "percent_statements_covered_display": "84", "num_branches": 16, "num_partial_branches": 2, "covered_branches": 14, "missing_branches": 2, "percent_branches_covered": 87.5, "percent_branches_covered_display": "88"}, "missing_lines": [30, 36, 37, 38, 54, 66, 67, 125, 126, 127], "excluded_lines": [], "executed_branches": [[29, 31], [53, 55], [58, 59], [58, 61], [91, 92], [91, 94], [102, 103], [102, 109], [103, 104], [103, 106], [109, 110], [109, 129], [122, 123], [122, 129]], "missing_branches": [[29, 30], [53, 54]], "functions": {"_get_cached_embeddings_batch": {"executed_lines": [29, 31, 32, 33, 34, 35], "summary": {"covered_lines": 6, "num_statements": 10, "percent_covered": 58.333333333333336, "percent_covered_display": "58", "missing_lines": 4, "excluded_lines": 0, "percent_statements_covered": 60.0, "percent_statements_covered_display": "60", "num_branches": 2, "num_partial_branches": 1, "covered_branches": 1, "missing_branches": 1, "percent_branches_covered": 50.0, "percent_branches_covered_display": "50"}, "missing_lines": [30, 36, 37, 38], "excluded_lines": [], "start_line": 18, "executed_branches": [[29, 31]], "missing_branches": [[29, 30]]}, "_cache_embeddings_batch": {"executed_lines": [53, 55, 56, 57, 58, 59, 61, 62], "summary": {"covered_lines": 8, "num_statements": 11, "percent_covered": 73.33333333333333, "percent_covered_display": "73", "missing_lines": 3, "excluded_lines": 0, "percent_statements_covered": 72.72727272727273, "percent_statements_covered_display": "73", "num_branches": 4, "num_partial_branches": 1, "covered_branches": 3, "missing_branches": 1, "percent_branches_covered": 75.0, "percent_branches_covered_display": "75"}, "missing_lines": [54, 66, 67], "excluded_lines": [], "start_line": 41, "executed_branches": [[53, 55], [58, 59], [58, 61]], "missing_branches": [[53, 54]]}, "get_embeddings": {"executed_lines": [91, 92, 94, 96, 98, 99, 100, 102, 103, 104, 106, 107, 109, 110, 111, 112, 113, 114, 117, 119, 120, 122, 123, 129], "summary": {"covered_lines": 24, "num_statements": 27, "percent_covered": 91.89189189189189, "percent_covered_display": "92", "missing_lines": 3, "excluded_lines": 0, "percent_statements_covered": 88.88888888888889, "percent_statements_covered_display": "89", "num_branches": 10, "num_partial_branches": 0, "covered_branches": 10, "missing_branches": 0, "percent_branches_covered": 100.0, "percent_branches_covered_display": "100"}, "missing_lines": [125, 126, 127], "excluded_lines": [], "start_line": 70, "executed_branches": [[91, 92], [91, 94], [102, 103], [102, 109], [103, 104], [103, 106], [109, 110], [109, 129], [122, 123], [122, 129]], "missing_branches": []}, "get_embedding": {"executed_lines": [144, 145], "summary": {"covered_lines": 2, "num_statements": 2, "percent_covered": 100.0, "percent_covered_display": "100", "missing_lines": 0, "excluded_lines": 0, "percent_statements_covered": 100.0, "percent_statements_covered_display": "100", "num_branches": 0, "num_partial_branches": 0, "covered_branches": 0, "missing_branches": 0, "percent_branches_covered": 100.0, "percent_branches_covered_display": "100"}, "missing_lines": [], "excluded_lines": [], "start_line": 132, "executed_branches": [], "missing_branches": []}, "": {"executed_lines": [8, 9, 11, 12, 13, 14, 15, 18, 41, 70, 132], "summary": {"covered_lines": 11, "num_statements": 11, "percent_covered": 100.0, "percent_covered_display": "100", "missing_lines": 0, "excluded_lines": 0, "percent_statements_covered": 100.0, "percent_statements_covered_display": "100", "num_branches": 0, "num_partial_branches": 0, "covered_branches": 0, "missing_branches": 0, "percent_branches_covered": 100.0, "percent_branches_covered_display": "100"}, "missing_lines": [], "excluded_lines": [], "start_line": 1, "executed_branches": [], "missing_branches": []}}, "classes": {"": {"executed_lines": [8, 9, 11, 12, 13, 14, 15, 18, 29, 31, 32, 33, 34, 35, 41, 53, 55, 56, 57, 58, 59, 61, 62, 70, 91, 92, 94, 96, 98, 99, 100, 102, 103, 104, 106, 107, 109, 110, 111, 112, 113, 114, 117, 119, 120, 122, 123, 129, 132, 144, 145], "summary": {"covered_lines": 51, "num_statements": 61, "percent_covered": 84.41558441558442, "percent_covered_display": "84", "missing_lines": 10, "excluded_lines": 0, "percent_statements_covered": 83.60655737704919, "percent_statements_covered_display": "84", "num_branches": 16, "num_partial_branches": 2, "covered_branches": 14, "missing_branches": 2, "percent_branches_covered": 87.5, "percent_branches_covered_display": "88"}, "missing_lines": [30, 36, 37, 38, 54, 66, 67, 125, 126, 127], "excluded_lines": [], "start_line": 1, "executed_branches": [[29, 31], [53, 55], [58, 59], [58, 61], [91, 92], [91, 94], [102, 103], [102, 109], [103, 104], [103, 106], [109, 110], [109, 129], [122, 123], [122, 129]], "missing_branches": [[29, 30], [53, 54]]}}}, "src\\duckkb\\utils\\text.py": {"executed_lines": [7, 9, 11, 12, 15, 26, 27, 28, 30, 31, 37, 40, 57, 58, 59, 60, 63, 77], "summary": {"covered_lines": 18, "num_statements": 23, "percent_covered": 79.3103448275862, "percent_covered_display": "79", "missing_lines": 5, "excluded_lines": 0, "percent_statements_covered": 78.26086956521739, "percent_statements_covered_display": "78", "num_branches": 6, "num_partial_branches": 1, "covered_branches": 5, "missing_branches": 1, "percent_branches_covered": 83.33333333333333, "percent_branches_covered_display": "83"}, "missing_lines": [32, 33, 34, 35, 36], "excluded_lines": [], "executed_branches": [[27, 28], [27, 30], [31, 37], [57, 58], [57, 59]], "missing_branches": [[31, 32]], "functions": {"_init_jieba": {"executed_lines": [26, 27, 28, 30, 31, 37], "summary": {"covered_lines": 6, "num_statements": 11, "percent_covered": 60.0, "percent_covered_display": "60", "missing_lines": 5, "excluded_lines": 0, "percent_statements_covered": 54.54545454545455, "percent_statements_covered_display": "55", "num_branches": 4, "num_partial_branches": 1, "covered_branches": 3, "missing_branches": 1, "percent_branches_covered": 75.0, "percent_branches_covered_display": "75"}, "missing_lines": [32, 33, 34, 35, 36], "excluded_lines": [], "start_line": 15, "executed_branches": [[27, 28], [27, 30], [31, 37]], "missing_branches": [[31, 32]]}, "segment_text": {"executed_lines": [57, 58, 59, 60], "summary": {"covered_lines": 4, "num_statements": 4, "percent_covered": 100.0, "percent_covered_display": "100", "missing_lines": 0, "excluded_lines": 0, "percent_statements_covered": 100.0, "percent_statements_covered_display": "100", "num_branches": 2, "num_partial_branches": 0, "covered_branches": 2, "missing_branches": 0, "percent_branches_covered": 100.0, "percent_branches_covered_display": "100"}, "missing_lines": [], "excluded_lines": [], "start_line": 40, "executed_branches": [[57, 58], [57, 59]], "missing_branches": []}, "compute_text_hash": {"executed_lines": [77], "summary": {"covered_lines": 1, "num_statements": 1, "percent_covered": 100.0, "percent_covered_display": "100", "missing_lines": 0, "excluded_lines": 0, "percent_statements_covered": 100.0, "percent_statements_covered_display": "100", "num_branches": 0, "num_partial_branches": 0, "covered_branches": 0, "missing_branches": 0, "percent_branches_covered": 100.0, "percent_branches_covered_display": "100"}, "missing_lines": [], "excluded_lines": [], "start_line": 63, "executed_branches": [], "missing_branches": []}, "": {"executed_lines": [7, 9, 11, 12, 15, 40, 63], "summary": {"covered_lines": 7, "num_statements": 7, "percent_covered": 100.0, "percent_covered_display": "100", "missing_lines": 0, "excluded_lines": 0, "percent_statements_covered": 100.0, "percent_statements_covered_display": "100", "num_branches": 0, "num_partial_branches": 0, "covered_branches": 0, "missing_branches": 0, "percent_branches_covered": 100.0, "percent_branches_covered_display": "100"}, "missing_lines": [], "excluded_lines": [], "start_line": 1, "executed_branches": [], "missing_branches": []}}, "classes": {"": {"executed_lines": [7, 9, 11, 12, 15, 26, 27, 28, 30, 31, 37, 40, 57, 58, 59, 60, 63, 77], "summary": {"covered_lines": 18, "num_statements": 23, "percent_covered": 79.3103448275862, "percent_covered_display": "79", "missing_lines": 5, "excluded_lines": 0, "percent_statements_covered": 78.26086956521739, "percent_statements_covered_display": "78", "num_branches": 6, "num_partial_branches": 1, "covered_branches": 5, "missing_branches": 1, "percent_branches_covered": 83.33333333333333, "percent_branches_covered_display": "83"}, "missing_lines": [32, 33, 34, 35, 36], "excluded_lines": [], "start_line": 1, "executed_branches": [[27, 28], [27, 30], [31, 37], [57, 58], [57, 59]], "missing_branches": [[31, 32]]}}}}, "totals": {"covered_lines": 558, "num_statements": 676, "percent_covered": 80.67632850241546, "percent_covered_display": "81", "missing_lines": 118, "excluded_lines": 0, "percent_statements_covered": 82.54437869822485, "percent_statements_covered_display": "83", "num_branches": 152, "num_partial_branches": 34, "covered_branches": 110, "missing_branches": 42, "percent_branches_covered": 72.36842105263158, "percent_branches_covered_display": "72"}}