{"meta": {"format": 3, "version": "7.13.4", "timestamp": "2026-02-27T01:26:55.599273", "branch_coverage": true, "show_contexts": false}, "files": {"src/duckkb/__init__.py": {"executed_lines": [10, 12], "summary": {"covered_lines": 2, "num_statements": 2, "percent_covered": 100.0, "percent_covered_display": "100", "missing_lines": 0, "excluded_lines": 0, "percent_statements_covered": 100.0, "percent_statements_covered_display": "100", "num_branches": 0, "num_partial_branches": 0, "covered_branches": 0, "missing_branches": 0, "percent_branches_covered": 100.0, "percent_branches_covered_display": "100"}, "missing_lines": [], "excluded_lines": [], "executed_branches": [], "missing_branches": [], "functions": {"": {"executed_lines": [10, 12], "summary": {"covered_lines": 2, "num_statements": 2, "percent_covered": 100.0, "percent_covered_display": "100", "missing_lines": 0, "excluded_lines": 0, "percent_statements_covered": 100.0, "percent_statements_covered_display": "100", "num_branches": 0, "num_partial_branches": 0, "covered_branches": 0, "missing_branches": 0, "percent_branches_covered": 100.0, "percent_branches_covered_display": "100"}, "missing_lines": [], "excluded_lines": [], "start_line": 1, "executed_branches": [], "missing_branches": []}}, "classes": {"": {"executed_lines": [10, 12], "summary": {"covered_lines": 2, "num_statements": 2, "percent_covered": 100.0, "percent_covered_display": "100", "missing_lines": 0, "excluded_lines": 0, "percent_statements_covered": 100.0, "percent_statements_covered_display": "100", "num_branches": 0, "num_partial_branches": 0, "covered_branches": 0, "missing_branches": 0, "percent_branches_covered": 100.0, "percent_branches_covered_display": "100"}, "missing_lines": [], "excluded_lines": [], "start_line": 1, "executed_branches": [], "missing_branches": []}}}, "src/duckkb/cli/__init__.py": {"executed_lines": [], "summary": {"covered_lines": 0, "num_statements": 5, "percent_covered": 0.0, "percent_covered_display": "0", "missing_lines": 5, "excluded_lines": 0, "percent_statements_covered": 0.0, "percent_statements_covered_display": "0", "num_branches": 0, "num_partial_branches": 0, "covered_branches": 0, "missing_branches": 0, "percent_branches_covered": 100.0, "percent_branches_covered_display": "100"}, "missing_lines": [19, 21, 23, 26, 31], "excluded_lines": [], "executed_branches": [], "missing_branches": [], "functions": {"main": {"executed_lines": [], "summary": {"covered_lines": 0, "num_statements": 1, "percent_covered": 0.0, "percent_covered_display": "0", "missing_lines": 1, "excluded_lines": 0, "percent_statements_covered": 0.0, "percent_statements_covered_display": "0", "num_branches": 0, "num_partial_branches": 0, "covered_branches": 0, "missing_branches": 0, "percent_branches_covered": 100.0, "percent_branches_covered_display": "100"}, "missing_lines": [31], "excluded_lines": [], "start_line": 26, "executed_branches": [], "missing_branches": []}, "": {"executed_lines": [], "summary": {"covered_lines": 0, "num_statements": 4, "percent_covered": 0.0, "percent_covered_display": "0", "missing_lines": 4, "excluded_lines": 0, "percent_statements_covered": 0.0, "percent_statements_covered_display": "0", "num_branches": 0, "num_partial_branches": 0, "covered_branches": 0, "missing_branches": 0, "percent_branches_covered": 100.0, "percent_branches_covered_display": "100"}, "missing_lines": [19, 21, 23, 26], "excluded_lines": [], "start_line": 1, "executed_branches": [], "missing_branches": []}}, "classes": {"": {"executed_lines": [], "summary": {"covered_lines": 0, "num_statements": 5, "percent_covered": 0.0, "percent_covered_display": "0", "missing_lines": 5, "excluded_lines": 0, "percent_statements_covered": 0.0, "percent_statements_covered_display": "0", "num_branches": 0, "num_partial_branches": 0, "covered_branches": 0, "missing_branches": 0, "percent_branches_covered": 100.0, "percent_branches_covered_display": "100"}, "missing_lines": [19, 21, 23, 26, 31], "excluded_lines": [], "start_line": 1, "executed_branches": [], "missing_branches": []}}}, "src/duckkb/cli/duck_typer.py": {"executed_lines": [], "summary": {"covered_lines": 0, "num_statements": 209, "percent_covered": 0.0, "percent_covered_display": "0", "missing_lines": 209, "excluded_lines": 0, "percent_statements_covered": 0.0, "percent_statements_covered_display": "0", "num_branches": 4, "num_partial_branches": 0, "covered_branches": 0, "missing_branches": 4, "percent_branches_covered": 0.0, "percent_branches_covered_display": "0"}, "missing_lines": [3, 4, 5, 6, 8, 10, 11, 12, 14, 17, 26, 29, 65, 74, 75, 76, 77, 79, 80, 86, 87, 88, 90, 93, 94, 109, 110, 111, 113, 114, 116, 117, 119, 121, 122, 123, 124, 125, 126, 127, 129, 132, 133, 138, 139, 141, 144, 145, 147, 149, 152, 153, 162, 163, 164, 166, 169, 170, 185, 186, 187, 188, 189, 191, 193, 194, 196, 198, 199, 200, 201, 203, 206, 207, 228, 229, 230, 231, 232, 239, 241, 242, 244, 247, 248, 263, 264, 265, 266, 267, 273, 275, 276, 278, 281, 282, 297, 298, 299, 300, 301, 307, 309, 310, 312, 315, 316, 331, 332, 333, 334, 335, 340, 342, 343, 345, 348, 349, 358, 359, 360, 361, 362, 364, 366, 367, 369, 371, 372, 373, 374, 375, 377, 380, 381, 403, 404, 405, 406, 408, 409, 410, 411, 412, 422, 424, 425, 427, 430, 431, 479, 480, 481, 482, 483, 496, 498, 499, 501, 504, 505, 533, 534, 535, 536, 538, 539, 540, 541, 542, 554, 556, 557, 559, 562, 563, 581, 582, 583, 584, 586, 587, 588, 589, 590, 601, 603, 604, 606, 609, 610, 629, 630, 631, 632, 635, 636, 637, 638, 640, 641, 642, 643, 644, 654, 656, 657, 659, 668], "excluded_lines": [], "executed_branches": [], "missing_branches": [[86, 87], [86, 88], [109, 110], [109, 111]], "functions": {"_run_async": {"executed_lines": [], "summary": {"covered_lines": 0, "num_statements": 1, "percent_covered": 0.0, "percent_covered_display": "0", "missing_lines": 1, "excluded_lines": 0, "percent_statements_covered": 0.0, "percent_statements_covered_display": "0", "num_branches": 0, "num_partial_branches": 0, "covered_branches": 0, "missing_branches": 0, "percent_branches_covered": 100.0, "percent_branches_covered_display": "100"}, "missing_lines": [26], "excluded_lines": [], "start_line": 17, "executed_branches": [], "missing_branches": []}, "DuckTyper.__init__": {"executed_lines": [], "summary": {"covered_lines": 0, "num_statements": 4, "percent_covered": 0.0, "percent_covered_display": "0", "missing_lines": 4, "excluded_lines": 0, "percent_statements_covered": 0.0, "percent_statements_covered_display": "0", "num_branches": 0, "num_partial_branches": 0, "covered_branches": 0, "missing_branches": 0, "percent_branches_covered": 100.0, "percent_branches_covered_display": "100"}, "missing_lines": [74, 75, 76, 77], "excluded_lines": [], "start_line": 65, "executed_branches": [], "missing_branches": []}, "DuckTyper.kb_path": {"executed_lines": [], "summary": {"covered_lines": 0, "num_statements": 3, "percent_covered": 0.0, "percent_covered_display": "0", "missing_lines": 3, "excluded_lines": 0, "percent_statements_covered": 0.0, "percent_statements_covered_display": "0", "num_branches": 2, "num_partial_branches": 0, "covered_branches": 0, "missing_branches": 2, "percent_branches_covered": 0.0, "percent_branches_covered_display": "0"}, "missing_lines": [86, 87, 88], "excluded_lines": [], "start_line": 80, "executed_branches": [], "missing_branches": [[86, 87], [86, 88]]}, "DuckTyper._register_callback": {"executed_lines": [], "summary": {"covered_lines": 0, "num_statements": 2, "percent_covered": 0.0, "percent_covered_display": "0", "missing_lines": 2, "excluded_lines": 0, "percent_statements_covered": 0.0, "percent_statements_covered_display": "0", "num_branches": 0, "num_partial_branches": 0, "covered_branches": 0, "missing_branches": 0, "percent_branches_covered": 100.0, "percent_branches_covered_display": "100"}, "missing_lines": [93, 94], "excluded_lines": [], "start_line": 90, "executed_branches": [], "missing_branches": []}, "DuckTyper._register_callback.main": {"executed_lines": [], "summary": {"covered_lines": 0, "num_statements": 7, "percent_covered": 0.0, "percent_covered_display": "0", "missing_lines": 7, "excluded_lines": 0, "percent_statements_covered": 0.0, "percent_statements_covered_display": "0", "num_branches": 2, "num_partial_branches": 0, "covered_branches": 0, "missing_branches": 2, "percent_branches_covered": 0.0, "percent_branches_covered_display": "0"}, "missing_lines": [109, 110, 111, 113, 114, 116, 117], "excluded_lines": [], "start_line": 94, "executed_branches": [], "missing_branches": [[109, 110], [109, 111]]}, "DuckTyper._register_commands": {"executed_lines": [], "summary": {"covered_lines": 0, "num_statements": 7, "percent_covered": 0.0, "percent_covered_display": "0", "missing_lines": 7, "excluded_lines": 0, "percent_statements_covered": 0.0, "percent_statements_covered_display": "0", "num_branches": 0, "num_partial_branches": 0, "covered_branches": 0, "missing_branches": 0, "percent_branches_covered": 100.0, "percent_branches_covered_display": "100"}, "missing_lines": [121, 122, 123, 124, 125, 126, 127], "excluded_lines": [], "start_line": 119, "executed_branches": [], "missing_branches": []}, "DuckTyper._register_serve_command": {"executed_lines": [], "summary": {"covered_lines": 0, "num_statements": 2, "percent_covered": 0.0, "percent_covered_display": "0", "missing_lines": 2, "excluded_lines": 0, "percent_statements_covered": 0.0, "percent_statements_covered_display": "0", "num_branches": 0, "num_partial_branches": 0, "covered_branches": 0, "missing_branches": 0, "percent_branches_covered": 100.0, "percent_branches_covered_display": "100"}, "missing_lines": [132, 133], "excluded_lines": [], "start_line": 129, "executed_branches": [], "missing_branches": []}, "DuckTyper._register_serve_command.serve": {"executed_lines": [], "summary": {"covered_lines": 0, "num_statements": 2, "percent_covered": 0.0, "percent_covered_display": "0", "missing_lines": 2, "excluded_lines": 0, "percent_statements_covered": 0.0, "percent_statements_covered_display": "0", "num_branches": 0, "num_partial_branches": 0, "covered_branches": 0, "missing_branches": 0, "percent_branches_covered": 100.0, "percent_branches_covered_display": "100"}, "missing_lines": [138, 139], "excluded_lines": [], "start_line": 133, "executed_branches": [], "missing_branches": []}, "DuckTyper._register_version_command": {"executed_lines": [], "summary": {"covered_lines": 0, "num_statements": 2, "percent_covered": 0.0, "percent_covered_display": "0", "missing_lines": 2, "excluded_lines": 0, "percent_statements_covered": 0.0, "percent_statements_covered_display": "0", "num_branches": 0, "num_partial_branches": 0, "covered_branches": 0, "missing_branches": 0, "percent_branches_covered": 100.0, "percent_branches_covered_display": "100"}, "missing_lines": [144, 145], "excluded_lines": [], "start_line": 141, "executed_branches": [], "missing_branches": []}, "DuckTyper._register_version_command.version": {"executed_lines": [], "summary": {"covered_lines": 0, "num_statements": 1, "percent_covered": 0.0, "percent_covered_display": "0", "missing_lines": 1, "excluded_lines": 0, "percent_statements_covered": 0.0, "percent_statements_covered_display": "0", "num_branches": 0, "num_partial_branches": 0, "covered_branches": 0, "missing_branches": 0, "percent_branches_covered": 100.0, "percent_branches_covered_display": "100"}, "missing_lines": [147], "excluded_lines": [], "start_line": 145, "executed_branches": [], "missing_branches": []}, "DuckTyper._register_info_command": {"executed_lines": [], "summary": {"covered_lines": 0, "num_statements": 2, "percent_covered": 0.0, "percent_covered_display": "0", "missing_lines": 2, "excluded_lines": 0, "percent_statements_covered": 0.0, "percent_statements_covered_display": "0", "num_branches": 0, "num_partial_branches": 0, "covered_branches": 0, "missing_branches": 0, "percent_branches_covered": 100.0, "percent_branches_covered_display": "100"}, "missing_lines": [152, 153], "excluded_lines": [], "start_line": 149, "executed_branches": [], "missing_branches": []}, "DuckTyper._register_info_command.info": {"executed_lines": [], "summary": {"covered_lines": 0, "num_statements": 3, "percent_covered": 0.0, "percent_covered_display": "0", "missing_lines": 3, "excluded_lines": 0, "percent_statements_covered": 0.0, "percent_statements_covered_display": "0", "num_branches": 0, "num_partial_branches": 0, "covered_branches": 0, "missing_branches": 0, "percent_branches_covered": 100.0, "percent_branches_covered_display": "100"}, "missing_lines": [162, 163, 164], "excluded_lines": [], "start_line": 153, "executed_branches": [], "missing_branches": []}, "DuckTyper._register_import_command": {"executed_lines": [], "summary": {"covered_lines": 0, "num_statements": 2, "percent_covered": 0.0, "percent_covered_display": "0", "missing_lines": 2, "excluded_lines": 0, "percent_statements_covered": 0.0, "percent_statements_covered_display": "0", "num_branches": 0, "num_partial_branches": 0, "covered_branches": 0, "missing_branches": 0, "percent_branches_covered": 100.0, "percent_branches_covered_display": "100"}, "missing_lines": [169, 170], "excluded_lines": [], "start_line": 166, "executed_branches": [], "missing_branches": []}, "DuckTyper._register_import_command.import_knowledge": {"executed_lines": [], "summary": {"covered_lines": 0, "num_statements": 3, "percent_covered": 0.0, "percent_covered_display": "0", "missing_lines": 3, "excluded_lines": 0, "percent_statements_covered": 0.0, "percent_statements_covered_display": "0", "num_branches": 0, "num_partial_branches": 0, "covered_branches": 0, "missing_branches": 0, "percent_branches_covered": 100.0, "percent_branches_covered_display": "100"}, "missing_lines": [185, 193, 194], "excluded_lines": [], "start_line": 170, "executed_branches": [], "missing_branches": []}, "DuckTyper._register_import_command.import_knowledge._import": {"executed_lines": [], "summary": {"covered_lines": 0, "num_statements": 5, "percent_covered": 0.0, "percent_covered_display": "0", "missing_lines": 5, "excluded_lines": 0, "percent_statements_covered": 0.0, "percent_statements_covered_display": "0", "num_branches": 0, "num_partial_branches": 0, "covered_branches": 0, "missing_branches": 0, "percent_branches_covered": 100.0, "percent_branches_covered_display": "100"}, "missing_lines": [186, 187, 188, 189, 191], "excluded_lines": [], "start_line": 185, "executed_branches": [], "missing_branches": []}, "DuckTyper._register_search_commands": {"executed_lines": [], "summary": {"covered_lines": 0, "num_statements": 4, "percent_covered": 0.0, "percent_covered_display": "0", "missing_lines": 4, "excluded_lines": 0, "percent_statements_covered": 0.0, "percent_statements_covered_display": "0", "num_branches": 0, "num_partial_branches": 0, "covered_branches": 0, "missing_branches": 0, "percent_branches_covered": 100.0, "percent_branches_covered_display": "100"}, "missing_lines": [198, 199, 200, 201], "excluded_lines": [], "start_line": 196, "executed_branches": [], "missing_branches": []}, "DuckTyper._register_search_command": {"executed_lines": [], "summary": {"covered_lines": 0, "num_statements": 2, "percent_covered": 0.0, "percent_covered_display": "0", "missing_lines": 2, "excluded_lines": 0, "percent_statements_covered": 0.0, "percent_statements_covered_display": "0", "num_branches": 0, "num_partial_branches": 0, "covered_branches": 0, "missing_branches": 0, "percent_branches_covered": 100.0, "percent_branches_covered_display": "100"}, "missing_lines": [206, 207], "excluded_lines": [], "start_line": 203, "executed_branches": [], "missing_branches": []}, "DuckTyper._register_search_command.search": {"executed_lines": [], "summary": {"covered_lines": 0, "num_statements": 3, "percent_covered": 0.0, "percent_covered_display": "0", "missing_lines": 3, "excluded_lines": 0, "percent_statements_covered": 0.0, "percent_statements_covered_display": "0", "num_branches": 0, "num_partial_branches": 0, "covered_branches": 0, "missing_branches": 0, "percent_branches_covered": 100.0, "percent_branches_covered_display": "100"}, "missing_lines": [228, 241, 242], "excluded_lines": [], "start_line": 207, "executed_branches": [], "missing_branches": []}, "DuckTyper._register_search_command.search._search": {"executed_lines": [], "summary": {"covered_lines": 0, "num_statements": 5, "percent_covered": 0.0, "percent_covered_display": "0", "missing_lines": 5, "excluded_lines": 0, "percent_statements_covered": 0.0, "percent_statements_covered_display": "0", "num_branches": 0, "num_partial_branches": 0, "covered_branches": 0, "missing_branches": 0, "percent_branches_covered": 100.0, "percent_branches_covered_display": "100"}, "missing_lines": [229, 230, 231, 232, 239], "excluded_lines": [], "start_line": 228, "executed_branches": [], "missing_branches": []}, "DuckTyper._register_vector_search_command": {"executed_lines": [], "summary": {"covered_lines": 0, "num_statements": 2, "percent_covered": 0.0, "percent_covered_display": "0", "missing_lines": 2, "excluded_lines": 0, "percent_statements_covered": 0.0, "percent_statements_covered_display": "0", "num_branches": 0, "num_partial_branches": 0, "covered_branches": 0, "missing_branches": 0, "percent_branches_covered": 100.0, "percent_branches_covered_display": "100"}, "missing_lines": [247, 248], "excluded_lines": [], "start_line": 244, "executed_branches": [], "missing_branches": []}, "DuckTyper._register_vector_search_command.vector_search": {"executed_lines": [], "summary": {"covered_lines": 0, "num_statements": 3, "percent_covered": 0.0, "percent_covered_display": "0", "missing_lines": 3, "excluded_lines": 0, "percent_statements_covered": 0.0, "percent_statements_covered_display": "0", "num_branches": 0, "num_partial_branches": 0, "covered_branches": 0, "missing_branches": 0, "percent_branches_covered": 100.0, "percent_branches_covered_display": "100"}, "missing_lines": [263, 275, 276], "excluded_lines": [], "start_line": 248, "executed_branches": [], "missing_branches": []}, "DuckTyper._register_vector_search_command.vector_search._search": {"executed_lines": [], "summary": {"covered_lines": 0, "num_statements": 5, "percent_covered": 0.0, "percent_covered_display": "0", "missing_lines": 5, "excluded_lines": 0, "percent_statements_covered": 0.0, "percent_statements_covered_display": "0", "num_branches": 0, "num_partial_branches": 0, "covered_branches": 0, "missing_branches": 0, "percent_branches_covered": 100.0, "percent_branches_covered_display": "100"}, "missing_lines": [264, 265, 266, 267, 273], "excluded_lines": [], "start_line": 263, "executed_branches": [], "missing_branches": []}, "DuckTyper._register_fts_search_command": {"executed_lines": [], "summary": {"covered_lines": 0, "num_statements": 2, "percent_covered": 0.0, "percent_covered_display": "0", "missing_lines": 2, "excluded_lines": 0, "percent_statements_covered": 0.0, "percent_statements_covered_display": "0", "num_branches": 0, "num_partial_branches": 0, "covered_branches": 0, "missing_branches": 0, "percent_branches_covered": 100.0, "percent_branches_covered_display": "100"}, "missing_lines": [281, 282], "excluded_lines": [], "start_line": 278, "executed_branches": [], "missing_branches": []}, "DuckTyper._register_fts_search_command.fts_search": {"executed_lines": [], "summary": {"covered_lines": 0, "num_statements": 3, "percent_covered": 0.0, "percent_covered_display": "0", "missing_lines": 3, "excluded_lines": 0, "percent_statements_covered": 0.0, "percent_statements_covered_display": "0", "num_branches": 0, "num_partial_branches": 0, "covered_branches": 0, "missing_branches": 0, "percent_branches_covered": 100.0, "percent_branches_covered_display": "100"}, "missing_lines": [297, 309, 310], "excluded_lines": [], "start_line": 282, "executed_branches": [], "missing_branches": []}, "DuckTyper._register_fts_search_command.fts_search._search": {"executed_lines": [], "summary": {"covered_lines": 0, "num_statements": 5, "percent_covered": 0.0, "percent_covered_display": "0", "missing_lines": 5, "excluded_lines": 0, "percent_statements_covered": 0.0, "percent_statements_covered_display": "0", "num_branches": 0, "num_partial_branches": 0, "covered_branches": 0, "missing_branches": 0, "percent_branches_covered": 100.0, "percent_branches_covered_display": "100"}, "missing_lines": [298, 299, 300, 301, 307], "excluded_lines": [], "start_line": 297, "executed_branches": [], "missing_branches": []}, "DuckTyper._register_get_source_record_command": {"executed_lines": [], "summary": {"covered_lines": 0, "num_statements": 2, "percent_covered": 0.0, "percent_covered_display": "0", "missing_lines": 2, "excluded_lines": 0, "percent_statements_covered": 0.0, "percent_statements_covered_display": "0", "num_branches": 0, "num_partial_branches": 0, "covered_branches": 0, "missing_branches": 0, "percent_branches_covered": 100.0, "percent_branches_covered_display": "100"}, "missing_lines": [315, 316], "excluded_lines": [], "start_line": 312, "executed_branches": [], "missing_branches": []}, "DuckTyper._register_get_source_record_command.get_source_record": {"executed_lines": [], "summary": {"covered_lines": 0, "num_statements": 3, "percent_covered": 0.0, "percent_covered_display": "0", "missing_lines": 3, "excluded_lines": 0, "percent_statements_covered": 0.0, "percent_statements_covered_display": "0", "num_branches": 0, "num_partial_branches": 0, "covered_branches": 0, "missing_branches": 0, "percent_branches_covered": 100.0, "percent_branches_covered_display": "100"}, "missing_lines": [331, 342, 343], "excluded_lines": [], "start_line": 316, "executed_branches": [], "missing_branches": []}, "DuckTyper._register_get_source_record_command.get_source_record._get": {"executed_lines": [], "summary": {"covered_lines": 0, "num_statements": 5, "percent_covered": 0.0, "percent_covered_display": "0", "missing_lines": 5, "excluded_lines": 0, "percent_statements_covered": 0.0, "percent_statements_covered_display": "0", "num_branches": 0, "num_partial_branches": 0, "covered_branches": 0, "missing_branches": 0, "percent_branches_covered": 100.0, "percent_branches_covered_display": "100"}, "missing_lines": [332, 333, 334, 335, 340], "excluded_lines": [], "start_line": 331, "executed_branches": [], "missing_branches": []}, "DuckTyper._register_query_raw_sql_command": {"executed_lines": [], "summary": {"covered_lines": 0, "num_statements": 2, "percent_covered": 0.0, "percent_covered_display": "0", "missing_lines": 2, "excluded_lines": 0, "percent_statements_covered": 0.0, "percent_statements_covered_display": "0", "num_branches": 0, "num_partial_branches": 0, "covered_branches": 0, "missing_branches": 0, "percent_branches_covered": 100.0, "percent_branches_covered_display": "100"}, "missing_lines": [348, 349], "excluded_lines": [], "start_line": 345, "executed_branches": [], "missing_branches": []}, "DuckTyper._register_query_raw_sql_command.query_raw_sql": {"executed_lines": [], "summary": {"covered_lines": 0, "num_statements": 3, "percent_covered": 0.0, "percent_covered_display": "0", "missing_lines": 3, "excluded_lines": 0, "percent_statements_covered": 0.0, "percent_statements_covered_display": "0", "num_branches": 0, "num_partial_branches": 0, "covered_branches": 0, "missing_branches": 0, "percent_branches_covered": 100.0, "percent_branches_covered_display": "100"}, "missing_lines": [358, 366, 367], "excluded_lines": [], "start_line": 349, "executed_branches": [], "missing_branches": []}, "DuckTyper._register_query_raw_sql_command.query_raw_sql._query": {"executed_lines": [], "summary": {"covered_lines": 0, "num_statements": 5, "percent_covered": 0.0, "percent_covered_display": "0", "missing_lines": 5, "excluded_lines": 0, "percent_statements_covered": 0.0, "percent_statements_covered_display": "0", "num_branches": 0, "num_partial_branches": 0, "covered_branches": 0, "missing_branches": 0, "percent_branches_covered": 100.0, "percent_branches_covered_display": "100"}, "missing_lines": [359, 360, 361, 362, 364], "excluded_lines": [], "start_line": 358, "executed_branches": [], "missing_branches": []}, "DuckTyper._register_graph_commands": {"executed_lines": [], "summary": {"covered_lines": 0, "num_statements": 5, "percent_covered": 0.0, "percent_covered_display": "0", "missing_lines": 5, "excluded_lines": 0, "percent_statements_covered": 0.0, "percent_statements_covered_display": "0", "num_branches": 0, "num_partial_branches": 0, "covered_branches": 0, "missing_branches": 0, "percent_branches_covered": 100.0, "percent_branches_covered_display": "100"}, "missing_lines": [371, 372, 373, 374, 375], "excluded_lines": [], "start_line": 369, "executed_branches": [], "missing_branches": []}, "DuckTyper._register_get_neighbors_command": {"executed_lines": [], "summary": {"covered_lines": 0, "num_statements": 2, "percent_covered": 0.0, "percent_covered_display": "0", "missing_lines": 2, "excluded_lines": 0, "percent_statements_covered": 0.0, "percent_statements_covered_display": "0", "num_branches": 0, "num_partial_branches": 0, "covered_branches": 0, "missing_branches": 0, "percent_branches_covered": 100.0, "percent_branches_covered_display": "100"}, "missing_lines": [380, 381], "excluded_lines": [], "start_line": 377, "executed_branches": [], "missing_branches": []}, "DuckTyper._register_get_neighbors_command.get_neighbors": {"executed_lines": [], "summary": {"covered_lines": 0, "num_statements": 7, "percent_covered": 0.0, "percent_covered_display": "0", "missing_lines": 7, "excluded_lines": 0, "percent_statements_covered": 0.0, "percent_statements_covered_display": "0", "num_branches": 0, "num_partial_branches": 0, "covered_branches": 0, "missing_branches": 0, "percent_branches_covered": 100.0, "percent_branches_covered_display": "100"}, "missing_lines": [403, 404, 405, 406, 408, 424, 425], "excluded_lines": [], "start_line": 381, "executed_branches": [], "missing_branches": []}, "DuckTyper._register_get_neighbors_command.get_neighbors._execute": {"executed_lines": [], "summary": {"covered_lines": 0, "num_statements": 5, "percent_covered": 0.0, "percent_covered_display": "0", "missing_lines": 5, "excluded_lines": 0, "percent_statements_covered": 0.0, "percent_statements_covered_display": "0", "num_branches": 0, "num_partial_branches": 0, "covered_branches": 0, "missing_branches": 0, "percent_branches_covered": 100.0, "percent_branches_covered_display": "100"}, "missing_lines": [409, 410, 411, 412, 422], "excluded_lines": [], "start_line": 408, "executed_branches": [], "missing_branches": []}, "DuckTyper._register_graph_search_command": {"executed_lines": [], "summary": {"covered_lines": 0, "num_statements": 2, "percent_covered": 0.0, "percent_covered_display": "0", "missing_lines": 2, "excluded_lines": 0, "percent_statements_covered": 0.0, "percent_statements_covered_display": "0", "num_branches": 0, "num_partial_branches": 0, "covered_branches": 0, "missing_branches": 0, "percent_branches_covered": 100.0, "percent_branches_covered_display": "100"}, "missing_lines": [430, 431], "excluded_lines": [], "start_line": 427, "executed_branches": [], "missing_branches": []}, "DuckTyper._register_graph_search_command.graph_search": {"executed_lines": [], "summary": {"covered_lines": 0, "num_statements": 3, "percent_covered": 0.0, "percent_covered_display": "0", "missing_lines": 3, "excluded_lines": 0, "percent_statements_covered": 0.0, "percent_statements_covered_display": "0", "num_branches": 0, "num_partial_branches": 0, "covered_branches": 0, "missing_branches": 0, "percent_branches_covered": 100.0, "percent_branches_covered_display": "100"}, "missing_lines": [479, 498, 499], "excluded_lines": [], "start_line": 431, "executed_branches": [], "missing_branches": []}, "DuckTyper._register_graph_search_command.graph_search._execute": {"executed_lines": [], "summary": {"covered_lines": 0, "num_statements": 5, "percent_covered": 0.0, "percent_covered_display": "0", "missing_lines": 5, "excluded_lines": 0, "percent_statements_covered": 0.0, "percent_statements_covered_display": "0", "num_branches": 0, "num_partial_branches": 0, "covered_branches": 0, "missing_branches": 0, "percent_branches_covered": 100.0, "percent_branches_covered_display": "100"}, "missing_lines": [480, 481, 482, 483, 496], "excluded_lines": [], "start_line": 479, "executed_branches": [], "missing_branches": []}, "DuckTyper._register_traverse_command": {"executed_lines": [], "summary": {"covered_lines": 0, "num_statements": 2, "percent_covered": 0.0, "percent_covered_display": "0", "missing_lines": 2, "excluded_lines": 0, "percent_statements_covered": 0.0, "percent_statements_covered_display": "0", "num_branches": 0, "num_partial_branches": 0, "covered_branches": 0, "missing_branches": 0, "percent_branches_covered": 100.0, "percent_branches_covered_display": "100"}, "missing_lines": [504, 505], "excluded_lines": [], "start_line": 501, "executed_branches": [], "missing_branches": []}, "DuckTyper._register_traverse_command.traverse": {"executed_lines": [], "summary": {"covered_lines": 0, "num_statements": 7, "percent_covered": 0.0, "percent_covered_display": "0", "missing_lines": 7, "excluded_lines": 0, "percent_statements_covered": 0.0, "percent_statements_covered_display": "0", "num_branches": 0, "num_partial_branches": 0, "covered_branches": 0, "missing_branches": 0, "percent_branches_covered": 100.0, "percent_branches_covered_display": "100"}, "missing_lines": [533, 534, 535, 536, 538, 556, 557], "excluded_lines": [], "start_line": 505, "executed_branches": [], "missing_branches": []}, "DuckTyper._register_traverse_command.traverse._execute": {"executed_lines": [], "summary": {"covered_lines": 0, "num_statements": 5, "percent_covered": 0.0, "percent_covered_display": "0", "missing_lines": 5, "excluded_lines": 0, "percent_statements_covered": 0.0, "percent_statements_covered_display": "0", "num_branches": 0, "num_partial_branches": 0, "covered_branches": 0, "missing_branches": 0, "percent_branches_covered": 100.0, "percent_branches_covered_display": "100"}, "missing_lines": [539, 540, 541, 542, 554], "excluded_lines": [], "start_line": 538, "executed_branches": [], "missing_branches": []}, "DuckTyper._register_extract_subgraph_command": {"executed_lines": [], "summary": {"covered_lines": 0, "num_statements": 2, "percent_covered": 0.0, "percent_covered_display": "0", "missing_lines": 2, "excluded_lines": 0, "percent_statements_covered": 0.0, "percent_statements_covered_display": "0", "num_branches": 0, "num_partial_branches": 0, "covered_branches": 0, "missing_branches": 0, "percent_branches_covered": 100.0, "percent_branches_covered_display": "100"}, "missing_lines": [562, 563], "excluded_lines": [], "start_line": 559, "executed_branches": [], "missing_branches": []}, "DuckTyper._register_extract_subgraph_command.extract_subgraph": {"executed_lines": [], "summary": {"covered_lines": 0, "num_statements": 7, "percent_covered": 0.0, "percent_covered_display": "0", "missing_lines": 7, "excluded_lines": 0, "percent_statements_covered": 0.0, "percent_statements_covered_display": "0", "num_branches": 0, "num_partial_branches": 0, "covered_branches": 0, "missing_branches": 0, "percent_branches_covered": 100.0, "percent_branches_covered_display": "100"}, "missing_lines": [581, 582, 583, 584, 586, 603, 604], "excluded_lines": [], "start_line": 563, "executed_branches": [], "missing_branches": []}, "DuckTyper._register_extract_subgraph_command.extract_subgraph._execute": {"executed_lines": [], "summary": {"covered_lines": 0, "num_statements": 5, "percent_covered": 0.0, "percent_covered_display": "0", "missing_lines": 5, "excluded_lines": 0, "percent_statements_covered": 0.0, "percent_statements_covered_display": "0", "num_branches": 0, "num_partial_branches": 0, "covered_branches": 0, "missing_branches": 0, "percent_branches_covered": 100.0, "percent_branches_covered_display": "100"}, "missing_lines": [587, 588, 589, 590, 601], "excluded_lines": [], "start_line": 586, "executed_branches": [], "missing_branches": []}, "DuckTyper._register_find_paths_command": {"executed_lines": [], "summary": {"covered_lines": 0, "num_statements": 2, "percent_covered": 0.0, "percent_covered_display": "0", "missing_lines": 2, "excluded_lines": 0, "percent_statements_covered": 0.0, "percent_statements_covered_display": "0", "num_branches": 0, "num_partial_branches": 0, "covered_branches": 0, "missing_branches": 0, "percent_branches_covered": 100.0, "percent_branches_covered_display": "100"}, "missing_lines": [609, 610], "excluded_lines": [], "start_line": 606, "executed_branches": [], "missing_branches": []}, "DuckTyper._register_find_paths_command.find_paths": {"executed_lines": [], "summary": {"covered_lines": 0, "num_statements": 11, "percent_covered": 0.0, "percent_covered_display": "0", "missing_lines": 11, "excluded_lines": 0, "percent_statements_covered": 0.0, "percent_statements_covered_display": "0", "num_branches": 0, "num_partial_branches": 0, "covered_branches": 0, "missing_branches": 0, "percent_branches_covered": 100.0, "percent_branches_covered_display": "100"}, "missing_lines": [629, 630, 631, 632, 635, 636, 637, 638, 640, 656, 657], "excluded_lines": [], "start_line": 610, "executed_branches": [], "missing_branches": []}, "DuckTyper._register_find_paths_command.find_paths._execute": {"executed_lines": [], "summary": {"covered_lines": 0, "num_statements": 5, "percent_covered": 0.0, "percent_covered_display": "0", "missing_lines": 5, "excluded_lines": 0, "percent_statements_covered": 0.0, "percent_statements_covered_display": "0", "num_branches": 0, "num_partial_branches": 0, "covered_branches": 0, "missing_branches": 0, "percent_branches_covered": 100.0, "percent_branches_covered_display": "100"}, "missing_lines": [641, 642, 643, 644, 654], "excluded_lines": [], "start_line": 640, "executed_branches": [], "missing_branches": []}, "DuckTyper.create_mcp": {"executed_lines": [], "summary": {"covered_lines": 0, "num_statements": 1, "percent_covered": 0.0, "percent_covered_display": "0", "missing_lines": 1, "excluded_lines": 0, "percent_statements_covered": 0.0, "percent_statements_covered_display": "0", "num_branches": 0, "num_partial_branches": 0, "covered_branches": 0, "missing_branches": 0, "percent_branches_covered": 100.0, "percent_branches_covered_display": "100"}, "missing_lines": [668], "excluded_lines": [], "start_line": 659, "executed_branches": [], "missing_branches": []}, "": {"executed_lines": [], "summary": {"covered_lines": 0, "num_statements": 33, "percent_covered": 0.0, "percent_covered_display": "0", "missing_lines": 33, "excluded_lines": 0, "percent_statements_covered": 0.0, "percent_statements_covered_display": "0", "num_branches": 0, "num_partial_branches": 0, "covered_branches": 0, "missing_branches": 0, "percent_branches_covered": 100.0, "percent_branches_covered_display": "100"}, "missing_lines": [3, 4, 5, 6, 8, 10, 11, 12, 14, 17, 29, 65, 79, 80, 90, 119, 129, 141, 149, 166, 196, 203, 244, 278, 312, 345, 369, 377, 427, 501, 559, 606, 659], "excluded_lines": [], "start_line": 1, "executed_branches": [], "missing_branches": []}}, "classes": {"DuckTyper": {"executed_lines": [], "summary": {"covered_lines": 0, "num_statements": 175, "percent_covered": 0.0, "percent_covered_display": "0", "missing_lines": 175, "excluded_lines": 0, "percent_statements_covered": 0.0, "percent_statements_covered_display": "0", "num_branches": 4, "num_partial_branches": 0, "covered_branches": 0, "missing_branches": 4, "percent_branches_covered": 0.0, "percent_branches_covered_display": "0"}, "missing_lines": [74, 75, 76, 77, 86, 87, 88, 93, 94, 109, 110, 111, 113, 114, 116, 117, 121, 122, 123, 124, 125, 126, 127, 132, 133, 138, 139, 144, 145, 147, 152, 153, 162, 163, 164, 169, 170, 185, 186, 187, 188, 189, 191, 193, 194, 198, 199, 200, 201, 206, 207, 228, 229, 230, 231, 232, 239, 241, 242, 247, 248, 263, 264, 265, 266, 267, 273, 275, 276, 281, 282, 297, 298, 299, 300, 301, 307, 309, 310, 315, 316, 331, 332, 333, 334, 335, 340, 342, 343, 348, 349, 358, 359, 360, 361, 362, 364, 366, 367, 371, 372, 373, 374, 375, 380, 381, 403, 404, 405, 406, 408, 409, 410, 411, 412, 422, 424, 425, 430, 431, 479, 480, 481, 482, 483, 496, 498, 499, 504, 505, 533, 534, 535, 536, 538, 539, 540, 541, 542, 554, 556, 557, 562, 563, 581, 582, 583, 584, 586, 587, 588, 589, 590, 601, 603, 604, 609, 610, 629, 630, 631, 632, 635, 636, 637, 638, 640, 641, 642, 643, 644, 654, 656, 657, 668], "excluded_lines": [], "start_line": 29, "executed_branches": [], "missing_branches": [[86, 87], [86, 88], [109, 110], [109, 111]]}, "": {"executed_lines": [], "summary": {"covered_lines": 0, "num_statements": 34, "percent_covered": 0.0, "percent_covered_display": "0", "missing_lines": 34, "excluded_lines": 0, "percent_statements_covered": 0.0, "percent_statements_covered_display": "0", "num_branches": 0, "num_partial_branches": 0, "covered_branches": 0, "missing_branches": 0, "percent_branches_covered": 100.0, "percent_branches_covered_display": "100"}, "missing_lines": [3, 4, 5, 6, 8, 10, 11, 12, 14, 17, 26, 29, 65, 79, 80, 90, 119, 129, 141, 149, 166, 196, 203, 244, 278, 312, 345, 369, 377, 427, 501, 559, 606, 659], "excluded_lines": [], "start_line": 1, "executed_branches": [], "missing_branches": []}}}, "src/duckkb/config.py": {"executed_lines": [11, 12, 14, 15, 16, 18, 27, 30, 40, 41, 44, 56, 57, 58, 59, 61, 62, 63, 75, 77, 79, 80, 81, 93, 95, 98, 111, 112, 113, 114, 115, 116, 118, 119, 120, 132, 133, 135, 137, 138, 147, 148, 149, 150, 151, 152, 153, 168, 169, 173, 174, 178, 179, 184, 196, 197, 199, 214, 215, 228, 229, 233, 234, 238, 239, 253, 254, 273, 274, 280, 289, 298], "summary": {"covered_lines": 72, "num_statements": 104, "percent_covered": 63.333333333333336, "percent_covered_display": "63", "missing_lines": 32, "excluded_lines": 0, "percent_statements_covered": 69.23076923076923, "percent_statements_covered_display": "69", "num_branches": 16, "num_partial_branches": 4, "covered_branches": 4, "missing_branches": 12, "percent_branches_covered": 25.0, "percent_branches_covered_display": "25"}, "missing_lines": [76, 94, 134, 166, 171, 176, 181, 205, 206, 207, 211, 212, 221, 222, 226, 231, 236, 248, 249, 250, 251, 265, 266, 268, 269, 270, 271, 276, 277, 286, 295, 304], "excluded_lines": [], "executed_branches": [[75, 77], [93, 95], [133, 135], [148, 149]], "missing_branches": [[75, 76], [93, 94], [133, 134], [148, 166], [221, 222], [221, 226], [249, 250], [249, 251], [265, 266], [265, 268], [269, 270], [269, 271]], "functions": {"EmbeddingConfig.validate_dim": {"executed_lines": [75, 77], "summary": {"covered_lines": 2, "num_statements": 3, "percent_covered": 60.0, "percent_covered_display": "60", "missing_lines": 1, "excluded_lines": 0, "percent_statements_covered": 66.66666666666667, "percent_statements_covered_display": "67", "num_branches": 2, "num_partial_branches": 1, "covered_branches": 1, "missing_branches": 1, "percent_branches_covered": 50.0, "percent_branches_covered_display": "50"}, "missing_lines": [76], "excluded_lines": [], "start_line": 63, "executed_branches": [[75, 77]], "missing_branches": [[75, 76]]}, "EmbeddingConfig.validate_model": {"executed_lines": [93, 95], "summary": {"covered_lines": 2, "num_statements": 3, "percent_covered": 60.0, "percent_covered_display": "60", "missing_lines": 1, "excluded_lines": 0, "percent_statements_covered": 66.66666666666667, "percent_statements_covered_display": "67", "num_branches": 2, "num_partial_branches": 1, "covered_branches": 1, "missing_branches": 1, "percent_branches_covered": 50.0, "percent_branches_covered_display": "50"}, "missing_lines": [94], "excluded_lines": [], "start_line": 81, "executed_branches": [[93, 95]], "missing_branches": [[93, 94]]}, "KBConfig.validate_log_level": {"executed_lines": [132, 133, 135], "summary": {"covered_lines": 3, "num_statements": 4, "percent_covered": 66.66666666666667, "percent_covered_display": "67", "missing_lines": 1, "excluded_lines": 0, "percent_statements_covered": 75.0, "percent_statements_covered_display": "75", "num_branches": 2, "num_partial_branches": 1, "covered_branches": 1, "missing_branches": 1, "percent_branches_covered": 50.0, "percent_branches_covered_display": "50"}, "missing_lines": [134], "excluded_lines": [], "start_line": 120, "executed_branches": [[133, 135]], "missing_branches": [[133, 134]]}, "KBConfig.from_yaml": {"executed_lines": [147, 148, 149, 150, 151, 152, 153], "summary": {"covered_lines": 7, "num_statements": 8, "percent_covered": 80.0, "percent_covered_display": "80", "missing_lines": 1, "excluded_lines": 0, "percent_statements_covered": 87.5, "percent_statements_covered_display": "88", "num_branches": 2, "num_partial_branches": 1, "covered_branches": 1, "missing_branches": 1, "percent_branches_covered": 50.0, "percent_branches_covered_display": "50"}, "missing_lines": [166], "excluded_lines": [], "start_line": 138, "executed_branches": [[148, 149]], "missing_branches": [[148, 166]]}, "KBConfig.EMBEDDING_MODEL": {"executed_lines": [], "summary": {"covered_lines": 0, "num_statements": 1, "percent_covered": 0.0, "percent_covered_display": "0", "missing_lines": 1, "excluded_lines": 0, "percent_statements_covered": 0.0, "percent_statements_covered_display": "0", "num_branches": 0, "num_partial_branches": 0, "covered_branches": 0, "missing_branches": 0, "percent_branches_covered": 100.0, "percent_branches_covered_display": "100"}, "missing_lines": [171], "excluded_lines": [], "start_line": 169, "executed_branches": [], "missing_branches": []}, "KBConfig.EMBEDDING_DIM": {"executed_lines": [], "summary": {"covered_lines": 0, "num_statements": 1, "percent_covered": 0.0, "percent_covered_display": "0", "missing_lines": 1, "excluded_lines": 0, "percent_statements_covered": 0.0, "percent_statements_covered_display": "0", "num_branches": 0, "num_partial_branches": 0, "covered_branches": 0, "missing_branches": 0, "percent_branches_covered": 100.0, "percent_branches_covered_display": "100"}, "missing_lines": [176], "excluded_lines": [], "start_line": 174, "executed_branches": [], "missing_branches": []}, "KBConfig.LOG_LEVEL": {"executed_lines": [], "summary": {"covered_lines": 0, "num_statements": 1, "percent_covered": 0.0, "percent_covered_display": "0", "missing_lines": 1, "excluded_lines": 0, "percent_statements_covered": 0.0, "percent_statements_covered_display": "0", "num_branches": 0, "num_partial_branches": 0, "covered_branches": 0, "missing_branches": 0, "percent_branches_covered": 100.0, "percent_branches_covered_display": "100"}, "missing_lines": [181], "excluded_lines": [], "start_line": 179, "executed_branches": [], "missing_branches": []}, "AppContext.__init__": {"executed_lines": [], "summary": {"covered_lines": 0, "num_statements": 5, "percent_covered": 0.0, "percent_covered_display": "0", "missing_lines": 5, "excluded_lines": 0, "percent_statements_covered": 0.0, "percent_statements_covered_display": "0", "num_branches": 0, "num_partial_branches": 0, "covered_branches": 0, "missing_branches": 0, "percent_branches_covered": 100.0, "percent_branches_covered_display": "100"}, "missing_lines": [205, 206, 207, 211, 212], "excluded_lines": [], "start_line": 199, "executed_branches": [], "missing_branches": []}, "AppContext.openai_client": {"executed_lines": [], "summary": {"covered_lines": 0, "num_statements": 3, "percent_covered": 0.0, "percent_covered_display": "0", "missing_lines": 3, "excluded_lines": 0, "percent_statements_covered": 0.0, "percent_statements_covered_display": "0", "num_branches": 2, "num_partial_branches": 0, "covered_branches": 0, "missing_branches": 2, "percent_branches_covered": 0.0, "percent_branches_covered_display": "0"}, "missing_lines": [221, 222, 226], "excluded_lines": [], "start_line": 215, "executed_branches": [], "missing_branches": [[221, 222], [221, 226]]}, "AppContext.jieba_initialized": {"executed_lines": [], "summary": {"covered_lines": 0, "num_statements": 1, "percent_covered": 0.0, "percent_covered_display": "0", "missing_lines": 1, "excluded_lines": 0, "percent_statements_covered": 0.0, "percent_statements_covered_display": "0", "num_branches": 0, "num_partial_branches": 0, "covered_branches": 0, "missing_branches": 0, "percent_branches_covered": 100.0, "percent_branches_covered_display": "100"}, "missing_lines": [236], "excluded_lines": [], "start_line": 234, "executed_branches": [], "missing_branches": []}, "AppContext.get": {"executed_lines": [], "summary": {"covered_lines": 0, "num_statements": 4, "percent_covered": 0.0, "percent_covered_display": "0", "missing_lines": 4, "excluded_lines": 0, "percent_statements_covered": 0.0, "percent_statements_covered_display": "0", "num_branches": 2, "num_partial_branches": 0, "covered_branches": 0, "missing_branches": 2, "percent_branches_covered": 0.0, "percent_branches_covered_display": "0"}, "missing_lines": [248, 249, 250, 251], "excluded_lines": [], "start_line": 239, "executed_branches": [], "missing_branches": [[249, 250], [249, 251]]}, "AppContext.init": {"executed_lines": [], "summary": {"covered_lines": 0, "num_statements": 6, "percent_covered": 0.0, "percent_covered_display": "0", "missing_lines": 6, "excluded_lines": 0, "percent_statements_covered": 0.0, "percent_statements_covered_display": "0", "num_branches": 4, "num_partial_branches": 0, "covered_branches": 0, "missing_branches": 4, "percent_branches_covered": 0.0, "percent_branches_covered_display": "0"}, "missing_lines": [265, 266, 268, 269, 270, 271], "excluded_lines": [], "start_line": 254, "executed_branches": [], "missing_branches": [[265, 266], [265, 268], [269, 270], [269, 271]]}, "AppContext.reset": {"executed_lines": [], "summary": {"covered_lines": 0, "num_statements": 2, "percent_covered": 0.0, "percent_covered_display": "0", "missing_lines": 2, "excluded_lines": 0, "percent_statements_covered": 0.0, "percent_statements_covered_display": "0", "num_branches": 0, "num_partial_branches": 0, "covered_branches": 0, "missing_branches": 0, "percent_branches_covered": 100.0, "percent_branches_covered_display": "100"}, "missing_lines": [276, 277], "excluded_lines": [], "start_line": 274, "executed_branches": [], "missing_branches": []}, "get_kb_config": {"executed_lines": [], "summary": {"covered_lines": 0, "num_statements": 1, "percent_covered": 0.0, "percent_covered_display": "0", "missing_lines": 1, "excluded_lines": 0, "percent_statements_covered": 0.0, "percent_statements_covered_display": "0", "num_branches": 0, "num_partial_branches": 0, "covered_branches": 0, "missing_branches": 0, "percent_branches_covered": 100.0, "percent_branches_covered_display": "100"}, "missing_lines": [286], "excluded_lines": [], "start_line": 280, "executed_branches": [], "missing_branches": []}, "get_global_config": {"executed_lines": [], "summary": {"covered_lines": 0, "num_statements": 1, "percent_covered": 0.0, "percent_covered_display": "0", "missing_lines": 1, "excluded_lines": 0, "percent_statements_covered": 0.0, "percent_statements_covered_display": "0", "num_branches": 0, "num_partial_branches": 0, "covered_branches": 0, "missing_branches": 0, "percent_branches_covered": 100.0, "percent_branches_covered_display": "100"}, "missing_lines": [295], "excluded_lines": [], "start_line": 289, "executed_branches": [], "missing_branches": []}, "get_openai_client": {"executed_lines": [], "summary": {"covered_lines": 0, "num_statements": 1, "percent_covered": 0.0, "percent_covered_display": "0", "missing_lines": 1, "excluded_lines": 0, "percent_statements_covered": 0.0, "percent_statements_covered_display": "0", "num_branches": 0, "num_partial_branches": 0, "covered_branches": 0, "missing_branches": 0, "percent_branches_covered": 100.0, "percent_branches_covered_display": "100"}, "missing_lines": [304], "excluded_lines": [], "start_line": 298, "executed_branches": [], "missing_branches": []}, "": {"executed_lines": [11, 12, 14, 15, 16, 18, 27, 30, 40, 41, 44, 56, 57, 58, 59, 61, 62, 63, 79, 80, 81, 98, 111, 112, 113, 114, 115, 116, 118, 119, 120, 137, 138, 168, 169, 173, 174, 178, 179, 184, 196, 197, 199, 214, 215, 228, 229, 233, 234, 238, 239, 253, 254, 273, 274, 280, 289, 298], "summary": {"covered_lines": 58, "num_statements": 58, "percent_covered": 100.0, "percent_covered_display": "100", "missing_lines": 0, "excluded_lines": 0, "percent_statements_covered": 100.0, "percent_statements_covered_display": "100", "num_branches": 0, "num_partial_branches": 0, "covered_branches": 0, "missing_branches": 0, "percent_branches_covered": 100.0, "percent_branches_covered_display": "100"}, "missing_lines": [], "excluded_lines": [], "start_line": 1, "executed_branches": [], "missing_branches": []}}, "classes": {"GlobalConfig": {"executed_lines": [], "summary": {"covered_lines": 0, "num_statements": 0, "percent_covered": 100.0, "percent_covered_display": "100", "missing_lines": 0, "excluded_lines": 0, "percent_statements_covered": 100.0, "percent_statements_covered_display": "100", "num_branches": 0, "num_partial_branches": 0, "covered_branches": 0, "missing_branches": 0, "percent_branches_covered": 100.0, "percent_branches_covered_display": "100"}, "missing_lines": [], "excluded_lines": [], "start_line": 30, "executed_branches": [], "missing_branches": []}, "EmbeddingConfig": {"executed_lines": [75, 77, 93, 95], "summary": {"covered_lines": 4, "num_statements": 6, "percent_covered": 60.0, "percent_covered_display": "60", "missing_lines": 2, "excluded_lines": 0, "percent_statements_covered": 66.66666666666667, "percent_statements_covered_display": "67", "num_branches": 4, "num_partial_branches": 2, "covered_branches": 2, "missing_branches": 2, "percent_branches_covered": 50.0, "percent_branches_covered_display": "50"}, "missing_lines": [76, 94], "excluded_lines": [], "start_line": 44, "executed_branches": [[75, 77], [93, 95]], "missing_branches": [[75, 76], [93, 94]]}, "KBConfig": {"executed_lines": [132, 133, 135, 147, 148, 149, 150, 151, 152, 153], "summary": {"covered_lines": 10, "num_statements": 15, "percent_covered": 63.1578947368421, "percent_covered_display": "63", "missing_lines": 5, "excluded_lines": 0, "percent_statements_covered": 66.66666666666667, "percent_statements_covered_display": "67", "num_branches": 4, "num_partial_branches": 2, "covered_branches": 2, "missing_branches": 2, "percent_branches_covered": 50.0, "percent_branches_covered_display": "50"}, "missing_lines": [134, 166, 171, 176, 181], "excluded_lines": [], "start_line": 98, "executed_branches": [[133, 135], [148, 149]], "missing_branches": [[133, 134], [148, 166]]}, "AppContext": {"executed_lines": [], "summary": {"covered_lines": 0, "num_statements": 22, "percent_covered": 0.0, "percent_covered_display": "0", "missing_lines": 22, "excluded_lines": 0, "percent_statements_covered": 0.0, "percent_statements_covered_display": "0", "num_branches": 8, "num_partial_branches": 0, "covered_branches": 0, "missing_branches": 8, "percent_branches_covered": 0.0, "percent_branches_covered_display": "0"}, "missing_lines": [205, 206, 207, 211, 212, 221, 222, 226, 231, 236, 248, 249, 250, 251, 265, 266, 268, 269, 270, 271, 276, 277], "excluded_lines": [], "start_line": 184, "executed_branches": [], "missing_branches": [[221, 222], [221, 226], [249, 250], [249, 251], [265, 266], [265, 268], [269, 270], [269, 271]]}, "": {"executed_lines": [11, 12, 14, 15, 16, 18, 27, 30, 40, 41, 44, 56, 57, 58, 59, 61, 62, 63, 79, 80, 81, 98, 111, 112, 113, 114, 115, 116, 118, 119, 120, 137, 138, 168, 169, 173, 174, 178, 179, 184, 196, 197, 199, 214, 215, 228, 229, 233, 234, 238, 239, 253, 254, 273, 274, 280, 289, 298], "summary": {"covered_lines": 58, "num_statements": 61, "percent_covered": 95.08196721311475, "percent_covered_display": "95", "missing_lines": 3, "excluded_lines": 0, "percent_statements_covered": 95.08196721311475, "percent_statements_covered_display": "95", "num_branches": 0, "num_partial_branches": 0, "covered_branches": 0, "missing_branches": 0, "percent_branches_covered": 100.0, "percent_branches_covered_display": "100"}, "missing_lines": [286, 295, 304], "excluded_lines": [], "start_line": 1, "executed_branches": [], "missing_branches": []}}}, "src/duckkb/constants.py": {"executed_lines": [10, 12, 14, 15, 17, 23, 24, 25, 26, 27, 28, 30, 32, 33, 34, 36, 38, 41, 56, 58, 63, 65], "summary": {"covered_lines": 22, "num_statements": 25, "percent_covered": 80.64516129032258, "percent_covered_display": "81", "missing_lines": 3, "excluded_lines": 0, "percent_statements_covered": 88.0, "percent_statements_covered_display": "88", "num_branches": 6, "num_partial_branches": 3, "covered_branches": 3, "missing_branches": 3, "percent_branches_covered": 50.0, "percent_branches_covered_display": "50"}, "missing_lines": [57, 59, 64], "excluded_lines": [], "executed_branches": [[56, 58], [58, 63], [63, 65]], "missing_branches": [[56, 57], [58, 59], [63, 64]], "functions": {"validate_table_name": {"executed_lines": [56, 58, 63, 65], "summary": {"covered_lines": 4, "num_statements": 7, "percent_covered": 53.84615384615385, "percent_covered_display": "54", "missing_lines": 3, "excluded_lines": 0, "percent_statements_covered": 57.142857142857146, "percent_statements_covered_display": "57", "num_branches": 6, "num_partial_branches": 3, "covered_branches": 3, "missing_branches": 3, "percent_branches_covered": 50.0, "percent_branches_covered_display": "50"}, "missing_lines": [57, 59, 64], "excluded_lines": [], "start_line": 41, "executed_branches": [[56, 58], [58, 63], [63, 65]], "missing_branches": [[56, 57], [58, 59], [63, 64]]}, "": {"executed_lines": [10, 12, 14, 15, 17, 23, 24, 25, 26, 27, 28, 30, 32, 33, 34, 36, 38, 41], "summary": {"covered_lines": 18, "num_statements": 18, "percent_covered": 100.0, "percent_covered_display": "100", "missing_lines": 0, "excluded_lines": 0, "percent_statements_covered": 100.0, "percent_statements_covered_display": "100", "num_branches": 0, "num_partial_branches": 0, "covered_branches": 0, "missing_branches": 0, "percent_branches_covered": 100.0, "percent_branches_covered_display": "100"}, "missing_lines": [], "excluded_lines": [], "start_line": 1, "executed_branches": [], "missing_branches": []}}, "classes": {"": {"executed_lines": [10, 12, 14, 15, 17, 23, 24, 25, 26, 27, 28, 30, 32, 33, 34, 36, 38, 41, 56, 58, 63, 65], "summary": {"covered_lines": 22, "num_statements": 25, "percent_covered": 80.64516129032258, "percent_covered_display": "81", "missing_lines": 3, "excluded_lines": 0, "percent_statements_covered": 88.0, "percent_statements_covered_display": "88", "num_branches": 6, "num_partial_branches": 3, "covered_branches": 3, "missing_branches": 3, "percent_branches_covered": 50.0, "percent_branches_covered_display": "50"}, "missing_lines": [57, 59, 64], "excluded_lines": [], "start_line": 1, "executed_branches": [[56, 58], [58, 63], [63, 65]], "missing_branches": [[56, 57], [58, 59], [63, 64]]}}}, "src/duckkb/core/__init__.py": {"executed_lines": [25, 26, 27, 28, 39, 41], "summary": {"covered_lines": 6, "num_statements": 6, "percent_covered": 100.0, "percent_covered_display": "100", "missing_lines": 0, "excluded_lines": 0, "percent_statements_covered": 100.0, "percent_statements_covered_display": "100", "num_branches": 0, "num_partial_branches": 0, "covered_branches": 0, "missing_branches": 0, "percent_branches_covered": 100.0, "percent_branches_covered_display": "100"}, "missing_lines": [], "excluded_lines": [], "executed_branches": [], "missing_branches": [], "functions": {"": {"executed_lines": [25, 26, 27, 28, 39, 41], "summary": {"covered_lines": 6, "num_statements": 6, "percent_covered": 100.0, "percent_covered_display": "100", "missing_lines": 0, "excluded_lines": 0, "percent_statements_covered": 100.0, "percent_statements_covered_display": "100", "num_branches": 0, "num_partial_branches": 0, "covered_branches": 0, "missing_branches": 0, "percent_branches_covered": 100.0, "percent_branches_covered_display": "100"}, "missing_lines": [], "excluded_lines": [], "start_line": 1, "executed_branches": [], "missing_branches": []}}, "classes": {"": {"executed_lines": [25, 26, 27, 28, 39, 41], "summary": {"covered_lines": 6, "num_statements": 6, "percent_covered": 100.0, "percent_covered_display": "100", "missing_lines": 0, "excluded_lines": 0, "percent_statements_covered": 100.0, "percent_statements_covered_display": "100", "num_branches": 0, "num_partial_branches": 0, "covered_branches": 0, "missing_branches": 0, "percent_branches_covered": 100.0, "percent_branches_covered_display": "100"}, "missing_lines": [], "excluded_lines": [], "start_line": 1, "executed_branches": [], "missing_branches": []}}}, "src/duckkb/core/base.py": {"executed_lines": [3, 4, 5, 13, 23, 29, 31, 32, 34, 36, 37, 38, 42, 43, 44, 48, 49, 50], "summary": {"covered_lines": 18, "num_statements": 18, "percent_covered": 100.0, "percent_covered_display": "100", "missing_lines": 0, "excluded_lines": 10, "percent_statements_covered": 100.0, "percent_statements_covered_display": "100", "num_branches": 0, "num_partial_branches": 0, "covered_branches": 0, "missing_branches": 0, "percent_branches_covered": 100.0, "percent_branches_covered_display": "100"}, "missing_lines": [], "excluded_lines": [7, 8, 9, 10, 40, 41, 46, 47, 52, 53], "executed_branches": [], "missing_branches": [], "functions": {"BaseEngine.__init__": {"executed_lines": [29], "summary": {"covered_lines": 1, "num_statements": 1, "percent_covered": 100.0, "percent_covered_display": "100", "missing_lines": 0, "excluded_lines": 0, "percent_statements_covered": 100.0, "percent_statements_covered_display": "100", "num_branches": 0, "num_partial_branches": 0, "covered_branches": 0, "missing_branches": 0, "percent_branches_covered": 100.0, "percent_branches_covered_display": "100"}, "missing_lines": [], "excluded_lines": [], "start_line": 23, "executed_branches": [], "missing_branches": []}, "BaseEngine.kb_path": {"executed_lines": [34], "summary": {"covered_lines": 1, "num_statements": 1, "percent_covered": 100.0, "percent_covered_display": "100", "missing_lines": 0, "excluded_lines": 0, "percent_statements_covered": 100.0, "percent_statements_covered_display": "100", "num_branches": 0, "num_partial_branches": 0, "covered_branches": 0, "missing_branches": 0, "percent_branches_covered": 100.0, "percent_branches_covered_display": "100"}, "missing_lines": [], "excluded_lines": [], "start_line": 32, "executed_branches": [], "missing_branches": []}, "BaseEngine.config": {"executed_lines": [], "summary": {"covered_lines": 0, "num_statements": 0, "percent_covered": 100.0, "percent_covered_display": "100", "missing_lines": 0, "excluded_lines": 1, "percent_statements_covered": 100.0, "percent_statements_covered_display": "100", "num_branches": 0, "num_partial_branches": 0, "covered_branches": 0, "missing_branches": 0, "percent_branches_covered": 100.0, "percent_branches_covered_display": "100"}, "missing_lines": [], "excluded_lines": [40], "start_line": 38, "executed_branches": [], "missing_branches": []}, "BaseEngine.kb_config": {"executed_lines": [], "summary": {"covered_lines": 0, "num_statements": 0, "percent_covered": 100.0, "percent_covered_display": "100", "missing_lines": 0, "excluded_lines": 1, "percent_statements_covered": 100.0, "percent_statements_covered_display": "100", "num_branches": 0, "num_partial_branches": 0, "covered_branches": 0, "missing_branches": 0, "percent_branches_covered": 100.0, "percent_branches_covered_display": "100"}, "missing_lines": [], "excluded_lines": [46], "start_line": 44, "executed_branches": [], "missing_branches": []}, "BaseEngine.ontology": {"executed_lines": [], "summary": {"covered_lines": 0, "num_statements": 0, "percent_covered": 100.0, "percent_covered_display": "100", "missing_lines": 0, "excluded_lines": 1, "percent_statements_covered": 100.0, "percent_statements_covered_display": "100", "num_branches": 0, "num_partial_branches": 0, "covered_branches": 0, "missing_branches": 0, "percent_branches_covered": 100.0, "percent_branches_covered_display": "100"}, "missing_lines": [], "excluded_lines": [52], "start_line": 50, "executed_branches": [], "missing_branches": []}, "": {"executed_lines": [3, 4, 5, 13, 23, 31, 32, 36, 37, 38, 42, 43, 44, 48, 49, 50], "summary": {"covered_lines": 16, "num_statements": 16, "percent_covered": 100.0, "percent_covered_display": "100", "missing_lines": 0, "excluded_lines": 6, "percent_statements_covered": 100.0, "percent_statements_covered_display": "100", "num_branches": 0, "num_partial_branches": 0, "covered_branches": 0, "missing_branches": 0, "percent_branches_covered": 100.0, "percent_branches_covered_display": "100"}, "missing_lines": [], "excluded_lines": [7, 8, 9, 10, 41, 47], "start_line": 1, "executed_branches": [], "missing_branches": []}}, "classes": {"BaseEngine": {"executed_lines": [29, 34], "summary": {"covered_lines": 2, "num_statements": 2, "percent_covered": 100.0, "percent_covered_display": "100", "missing_lines": 0, "excluded_lines": 3, "percent_statements_covered": 100.0, "percent_statements_covered_display": "100", "num_branches": 0, "num_partial_branches": 0, "covered_branches": 0, "missing_branches": 0, "percent_branches_covered": 100.0, "percent_branches_covered_display": "100"}, "missing_lines": [], "excluded_lines": [40, 46, 52], "start_line": 13, "executed_branches": [], "missing_branches": []}, "": {"executed_lines": [3, 4, 5, 13, 23, 31, 32, 36, 37, 38, 42, 43, 44, 48, 49, 50], "summary": {"covered_lines": 16, "num_statements": 16, "percent_covered": 100.0, "percent_covered_display": "100", "missing_lines": 0, "excluded_lines": 6, "percent_statements_covered": 100.0, "percent_statements_covered_display": "100", "num_branches": 0, "num_partial_branches": 0, "covered_branches": 0, "missing_branches": 0, "percent_branches_covered": 100.0, "percent_branches_covered_display": "100"}, "missing_lines": [], "excluded_lines": [7, 8, 9, 10, 41, 47], "start_line": 1, "executed_branches": [], "missing_branches": []}}}, "src/duckkb/core/config/__init__.py": {"executed_lines": [3, 5], "summary": {"covered_lines": 2, "num_statements": 2, "percent_covered": 100.0, "percent_covered_display": "100", "missing_lines": 0, "excluded_lines": 0, "percent_statements_covered": 100.0, "percent_statements_covered_display": "100", "num_branches": 0, "num_partial_branches": 0, "covered_branches": 0, "missing_branches": 0, "percent_branches_covered": 100.0, "percent_branches_covered_display": "100"}, "missing_lines": [], "excluded_lines": [], "executed_branches": [], "missing_branches": [], "functions": {"": {"executed_lines": [3, 5], "summary": {"covered_lines": 2, "num_statements": 2, "percent_covered": 100.0, "percent_covered_display": "100", "missing_lines": 0, "excluded_lines": 0, "percent_statements_covered": 100.0, "percent_statements_covered_display": "100", "num_branches": 0, "num_partial_branches": 0, "covered_branches": 0, "missing_branches": 0, "percent_branches_covered": 100.0, "percent_branches_covered_display": "100"}, "missing_lines": [], "excluded_lines": [], "start_line": 1, "executed_branches": [], "missing_branches": []}}, "classes": {"": {"executed_lines": [3, 5], "summary": {"covered_lines": 2, "num_statements": 2, "percent_covered": 100.0, "percent_covered_display": "100", "missing_lines": 0, "excluded_lines": 0, "percent_statements_covered": 100.0, "percent_statements_covered_display": "100", "num_branches": 0, "num_partial_branches": 0, "covered_branches": 0, "missing_branches": 0, "percent_branches_covered": 100.0, "percent_branches_covered_display": "100"}, "missing_lines": [], "excluded_lines": [], "start_line": 1, "executed_branches": [], "missing_branches": []}}}, "src/duckkb/core/config/models.py": {"executed_lines": [6, 7, 9, 12, 23, 24, 25, 27, 28, 29, 45, 56, 57, 58, 60, 61, 62, 71, 73, 76, 86, 87, 90, 102, 103, 104, 105, 107, 108, 109, 121, 123, 125], "summary": {"covered_lines": 33, "num_statements": 41, "percent_covered": 70.58823529411765, "percent_covered_display": "71", "missing_lines": 8, "excluded_lines": 0, "percent_statements_covered": 80.48780487804878, "percent_statements_covered_display": "80", "num_branches": 10, "num_partial_branches": 3, "covered_branches": 3, "missing_branches": 7, "percent_branches_covered": 30.0, "percent_branches_covered_display": "30"}, "missing_lines": [38, 39, 40, 41, 42, 72, 122, 124], "excluded_lines": [], "executed_branches": [[71, 73], [121, 123], [123, 125]], "missing_branches": [[38, 39], [38, 40], [40, 41], [40, 42], [71, 72], [121, 122], [123, 124]], "functions": {"DatabaseConfig.validate_temp_dir": {"executed_lines": [], "summary": {"covered_lines": 0, "num_statements": 5, "percent_covered": 0.0, "percent_covered_display": "0", "missing_lines": 5, "excluded_lines": 0, "percent_statements_covered": 0.0, "percent_statements_covered_display": "0", "num_branches": 4, "num_partial_branches": 0, "covered_branches": 0, "missing_branches": 4, "percent_branches_covered": 0.0, "percent_branches_covered_display": "0"}, "missing_lines": [38, 39, 40, 41, 42], "excluded_lines": [], "start_line": 29, "executed_branches": [], "missing_branches": [[38, 39], [38, 40], [40, 41], [40, 42]]}, "StorageConfig.validate_data_dir": {"executed_lines": [71, 73], "summary": {"covered_lines": 2, "num_statements": 3, "percent_covered": 60.0, "percent_covered_display": "60", "missing_lines": 1, "excluded_lines": 0, "percent_statements_covered": 66.66666666666667, "percent_statements_covered_display": "67", "num_branches": 2, "num_partial_branches": 1, "covered_branches": 1, "missing_branches": 1, "percent_branches_covered": 50.0, "percent_branches_covered_display": "50"}, "missing_lines": [72], "excluded_lines": [], "start_line": 62, "executed_branches": [[71, 73]], "missing_branches": [[71, 72]]}, "CoreConfig.validate_embedding_dim": {"executed_lines": [121, 123, 125], "summary": {"covered_lines": 3, "num_statements": 5, "percent_covered": 55.55555555555556, "percent_covered_display": "56", "missing_lines": 2, "excluded_lines": 0, "percent_statements_covered": 60.0, "percent_statements_covered_display": "60", "num_branches": 4, "num_partial_branches": 2, "covered_branches": 2, "missing_branches": 2, "percent_branches_covered": 50.0, "percent_branches_covered_display": "50"}, "missing_lines": [122, 124], "excluded_lines": [], "start_line": 109, "executed_branches": [[121, 123], [123, 125]], "missing_branches": [[121, 122], [123, 124]]}, "": {"executed_lines": [6, 7, 9, 12, 23, 24, 25, 27, 28, 29, 45, 56, 57, 58, 60, 61, 62, 76, 86, 87, 90, 102, 103, 104, 105, 107, 108, 109], "summary": {"covered_lines": 28, "num_statements": 28, "percent_covered": 100.0, "percent_covered_display": "100", "missing_lines": 0, "excluded_lines": 0, "percent_statements_covered": 100.0, "percent_statements_covered_display": "100", "num_branches": 0, "num_partial_branches": 0, "covered_branches": 0, "missing_branches": 0, "percent_branches_covered": 100.0, "percent_branches_covered_display": "100"}, "missing_lines": [], "excluded_lines": [], "start_line": 1, "executed_branches": [], "missing_branches": []}}, "classes": {"DatabaseConfig": {"executed_lines": [], "summary": {"covered_lines": 0, "num_statements": 5, "percent_covered": 0.0, "percent_covered_display": "0", "missing_lines": 5, "excluded_lines": 0, "percent_statements_covered": 0.0, "percent_statements_covered_display": "0", "num_branches": 4, "num_partial_branches": 0, "covered_branches": 0, "missing_branches": 4, "percent_branches_covered": 0.0, "percent_branches_covered_display": "0"}, "missing_lines": [38, 39, 40, 41, 42], "excluded_lines": [], "start_line": 12, "executed_branches": [], "missing_branches": [[38, 39], [38, 40], [40, 41], [40, 42]]}, "StorageConfig": {"executed_lines": [71, 73], "summary": {"covered_lines": 2, "num_statements": 3, "percent_covered": 60.0, "percent_covered_display": "60", "missing_lines": 1, "excluded_lines": 0, "percent_statements_covered": 66.66666666666667, "percent_statements_covered_display": "67", "num_branches": 2, "num_partial_branches": 1, "covered_branches": 1, "missing_branches": 1, "percent_branches_covered": 50.0, "percent_branches_covered_display": "50"}, "missing_lines": [72], "excluded_lines": [], "start_line": 45, "executed_branches": [[71, 73]], "missing_branches": [[71, 72]]}, "GlobalConfig": {"executed_lines": [], "summary": {"covered_lines": 0, "num_statements": 0, "percent_covered": 100.0, "percent_covered_display": "100", "missing_lines": 0, "excluded_lines": 0, "percent_statements_covered": 100.0, "percent_statements_covered_display": "100", "num_branches": 0, "num_partial_branches": 0, "covered_branches": 0, "missing_branches": 0, "percent_branches_covered": 100.0, "percent_branches_covered_display": "100"}, "missing_lines": [], "excluded_lines": [], "start_line": 76, "executed_branches": [], "missing_branches": []}, "CoreConfig": {"executed_lines": [121, 123, 125], "summary": {"covered_lines": 3, "num_statements": 5, "percent_covered": 55.55555555555556, "percent_covered_display": "56", "missing_lines": 2, "excluded_lines": 0, "percent_statements_covered": 60.0, "percent_statements_covered_display": "60", "num_branches": 4, "num_partial_branches": 2, "covered_branches": 2, "missing_branches": 2, "percent_branches_covered": 50.0, "percent_branches_covered_display": "50"}, "missing_lines": [122, 124], "excluded_lines": [], "start_line": 90, "executed_branches": [[121, 123], [123, 125]], "missing_branches": [[121, 122], [123, 124]]}, "": {"executed_lines": [6, 7, 9, 12, 23, 24, 25, 27, 28, 29, 45, 56, 57, 58, 60, 61, 62, 76, 86, 87, 90, 102, 103, 104, 105, 107, 108, 109], "summary": {"covered_lines": 28, "num_statements": 28, "percent_covered": 100.0, "percent_covered_display": "100", "missing_lines": 0, "excluded_lines": 0, "percent_statements_covered": 100.0, "percent_statements_covered_display": "100", "num_branches": 0, "num_partial_branches": 0, "covered_branches": 0, "missing_branches": 0, "percent_branches_covered": 100.0, "percent_branches_covered_display": "100"}, "missing_lines": [], "excluded_lines": [], "start_line": 1, "executed_branches": [], "missing_branches": []}}}, "src/duckkb/core/engine.py": {"executed_lines": [3, 4, 6, 7, 20, 23, 77, 93, 99, 103, 121, 129, 130, 131, 132, 133, 135, 140, 142, 146, 147, 149, 150, 151, 152, 153, 161, 162, 163, 164, 165, 173, 174, 175, 176, 177, 181, 182, 184, 186, 188, 193, 195, 204], "summary": {"covered_lines": 44, "num_statements": 67, "percent_covered": 62.35294117647059, "percent_covered_display": "62", "missing_lines": 23, "excluded_lines": 0, "percent_statements_covered": 65.67164179104478, "percent_statements_covered_display": "66", "num_branches": 18, "num_partial_branches": 5, "covered_branches": 9, "missing_branches": 9, "percent_branches_covered": 50.0, "percent_branches_covered_display": "50"}, "missing_lines": [101, 112, 113, 114, 115, 119, 143, 144, 154, 155, 156, 157, 159, 166, 167, 168, 169, 171, 178, 179, 201, 202, 206], "excluded_lines": [], "executed_branches": [[142, 146], [149, 150], [149, 161], [152, 153], [161, 162], [161, 173], [164, 165], [174, 175], [181, 182]], "missing_branches": [[142, 143], [152, 149], [156, 157], [156, 159], [164, 161], [168, 169], [168, 171], [174, 181], [181, 184]], "functions": {"Engine.__init__": {"executed_lines": [93], "summary": {"covered_lines": 1, "num_statements": 1, "percent_covered": 100.0, "percent_covered_display": "100", "missing_lines": 0, "excluded_lines": 0, "percent_statements_covered": 100.0, "percent_statements_covered_display": "100", "num_branches": 0, "num_partial_branches": 0, "covered_branches": 0, "missing_branches": 0, "percent_branches_covered": 100.0, "percent_branches_covered_display": "100"}, "missing_lines": [], "excluded_lines": [], "start_line": 77, "executed_branches": [], "missing_branches": []}, "Engine._get_global_config": {"executed_lines": [], "summary": {"covered_lines": 0, "num_statements": 1, "percent_covered": 0.0, "percent_covered_display": "0", "missing_lines": 1, "excluded_lines": 0, "percent_statements_covered": 0.0, "percent_statements_covered_display": "0", "num_branches": 0, "num_partial_branches": 0, "covered_branches": 0, "missing_branches": 0, "percent_branches_covered": 100.0, "percent_branches_covered_display": "100"}, "missing_lines": [101], "excluded_lines": [], "start_line": 99, "executed_branches": [], "missing_branches": []}, "Engine.initialize": {"executed_lines": [], "summary": {"covered_lines": 0, "num_statements": 5, "percent_covered": 0.0, "percent_covered_display": "0", "missing_lines": 5, "excluded_lines": 0, "percent_statements_covered": 0.0, "percent_statements_covered_display": "0", "num_branches": 0, "num_partial_branches": 0, "covered_branches": 0, "missing_branches": 0, "percent_branches_covered": 100.0, "percent_branches_covered_display": "100"}, "missing_lines": [112, 113, 114, 115, 119], "excluded_lines": [], "start_line": 103, "executed_branches": [], "missing_branches": []}, "Engine.async_initialize": {"executed_lines": [129, 130, 131, 132, 133], "summary": {"covered_lines": 5, "num_statements": 5, "percent_covered": 100.0, "percent_covered_display": "100", "missing_lines": 0, "excluded_lines": 0, "percent_statements_covered": 100.0, "percent_statements_covered_display": "100", "num_branches": 0, "num_partial_branches": 0, "covered_branches": 0, "missing_branches": 0, "percent_branches_covered": 100.0, "percent_branches_covered_display": "100"}, "missing_lines": [], "excluded_lines": [], "start_line": 121, "executed_branches": [], "missing_branches": []}, "Engine._load_existing_data": {"executed_lines": [140, 142, 146, 147, 149, 150, 151, 152, 153, 161, 162, 163, 164, 165, 173, 174, 175, 176, 177, 181, 182, 184, 186], "summary": {"covered_lines": 23, "num_statements": 37, "percent_covered": 58.18181818181818, "percent_covered_display": "58", "missing_lines": 14, "excluded_lines": 0, "percent_statements_covered": 62.16216216216216, "percent_statements_covered_display": "62", "num_branches": 18, "num_partial_branches": 5, "covered_branches": 9, "missing_branches": 9, "percent_branches_covered": 50.0, "percent_branches_covered_display": "50"}, "missing_lines": [143, 144, 154, 155, 156, 157, 159, 166, 167, 168, 169, 171, 178, 179], "excluded_lines": [], "start_line": 135, "executed_branches": [[142, 146], [149, 150], [149, 161], [152, 153], [161, 162], [161, 173], [164, 165], [174, 175], [181, 182]], "missing_branches": [[142, 143], [152, 149], [156, 157], [156, 159], [164, 161], [168, 169], [168, 171], [174, 181], [181, 184]]}, "Engine.close": {"executed_lines": [193], "summary": {"covered_lines": 1, "num_statements": 1, "percent_covered": 100.0, "percent_covered_display": "100", "missing_lines": 0, "excluded_lines": 0, "percent_statements_covered": 100.0, "percent_statements_covered_display": "100", "num_branches": 0, "num_partial_branches": 0, "covered_branches": 0, "missing_branches": 0, "percent_branches_covered": 100.0, "percent_branches_covered_display": "100"}, "missing_lines": [], "excluded_lines": [], "start_line": 188, "executed_branches": [], "missing_branches": []}, "Engine.__enter__": {"executed_lines": [], "summary": {"covered_lines": 0, "num_statements": 2, "percent_covered": 0.0, "percent_covered_display": "0", "missing_lines": 2, "excluded_lines": 0, "percent_statements_covered": 0.0, "percent_statements_covered_display": "0", "num_branches": 0, "num_partial_branches": 0, "covered_branches": 0, "missing_branches": 0, "percent_branches_covered": 100.0, "percent_branches_covered_display": "100"}, "missing_lines": [201, 202], "excluded_lines": [], "start_line": 195, "executed_branches": [], "missing_branches": []}, "Engine.__exit__": {"executed_lines": [], "summary": {"covered_lines": 0, "num_statements": 1, "percent_covered": 0.0, "percent_covered_display": "0", "missing_lines": 1, "excluded_lines": 0, "percent_statements_covered": 0.0, "percent_statements_covered_display": "0", "num_branches": 0, "num_partial_branches": 0, "covered_branches": 0, "missing_branches": 0, "percent_branches_covered": 100.0, "percent_branches_covered_display": "100"}, "missing_lines": [206], "excluded_lines": [], "start_line": 204, "executed_branches": [], "missing_branches": []}, "": {"executed_lines": [3, 4, 6, 7, 20, 23, 77, 99, 103, 121, 135, 188, 195, 204], "summary": {"covered_lines": 14, "num_statements": 14, "percent_covered": 100.0, "percent_covered_display": "100", "missing_lines": 0, "excluded_lines": 0, "percent_statements_covered": 100.0, "percent_statements_covered_display": "100", "num_branches": 0, "num_partial_branches": 0, "covered_branches": 0, "missing_branches": 0, "percent_branches_covered": 100.0, "percent_branches_covered_display": "100"}, "missing_lines": [], "excluded_lines": [], "start_line": 1, "executed_branches": [], "missing_branches": []}}, "classes": {"Engine": {"executed_lines": [93, 129, 130, 131, 132, 133, 140, 142, 146, 147, 149, 150, 151, 152, 153, 161, 162, 163, 164, 165, 173, 174, 175, 176, 177, 181, 182, 184, 186, 193], "summary": {"covered_lines": 30, "num_statements": 53, "percent_covered": 54.929577464788736, "percent_covered_display": "55", "missing_lines": 23, "excluded_lines": 0, "percent_statements_covered": 56.60377358490566, "percent_statements_covered_display": "57", "num_branches": 18, "num_partial_branches": 5, "covered_branches": 9, "missing_branches": 9, "percent_branches_covered": 50.0, "percent_branches_covered_display": "50"}, "missing_lines": [101, 112, 113, 114, 115, 119, 143, 144, 154, 155, 156, 157, 159, 166, 167, 168, 169, 171, 178, 179, 201, 202, 206], "excluded_lines": [], "start_line": 23, "executed_branches": [[142, 146], [149, 150], [149, 161], [152, 153], [161, 162], [161, 173], [164, 165], [174, 175], [181, 182]], "missing_branches": [[142, 143], [152, 149], [156, 157], [156, 159], [164, 161], [168, 169], [168, 171], [174, 181], [181, 184]]}, "": {"executed_lines": [3, 4, 6, 7, 20, 23, 77, 99, 103, 121, 135, 188, 195, 204], "summary": {"covered_lines": 14, "num_statements": 14, "percent_covered": 100.0, "percent_covered_display": "100", "missing_lines": 0, "excluded_lines": 0, "percent_statements_covered": 100.0, "percent_statements_covered_display": "100", "num_branches": 0, "num_partial_branches": 0, "covered_branches": 0, "missing_branches": 0, "percent_branches_covered": 100.0, "percent_branches_covered_display": "100"}, "missing_lines": [], "excluded_lines": [], "start_line": 1, "executed_branches": [], "missing_branches": []}}}, "src/duckkb/core/mixins/__init__.py": {"executed_lines": [3, 4, 5, 6, 7, 8, 9, 10, 11, 12, 13, 15], "summary": {"covered_lines": 12, "num_statements": 12, "percent_covered": 100.0, "percent_covered_display": "100", "missing_lines": 0, "excluded_lines": 0, "percent_statements_covered": 100.0, "percent_statements_covered_display": "100", "num_branches": 0, "num_partial_branches": 0, "covered_branches": 0, "missing_branches": 0, "percent_branches_covered": 100.0, "percent_branches_covered_display": "100"}, "missing_lines": [], "excluded_lines": [], "executed_branches": [], "missing_branches": [], "functions": {"": {"executed_lines": [3, 4, 5, 6, 7, 8, 9, 10, 11, 12, 13, 15], "summary": {"covered_lines": 12, "num_statements": 12, "percent_covered": 100.0, "percent_covered_display": "100", "missing_lines": 0, "excluded_lines": 0, "percent_statements_covered": 100.0, "percent_statements_covered_display": "100", "num_branches": 0, "num_partial_branches": 0, "covered_branches": 0, "missing_branches": 0, "percent_branches_covered": 100.0, "percent_branches_covered_display": "100"}, "missing_lines": [], "excluded_lines": [], "start_line": 1, "executed_branches": [], "missing_branches": []}}, "classes": {"": {"executed_lines": [3, 4, 5, 6, 7, 8, 9, 10, 11, 12, 13, 15], "summary": {"covered_lines": 12, "num_statements": 12, "percent_covered": 100.0, "percent_covered_display": "100", "missing_lines": 0, "excluded_lines": 0, "percent_statements_covered": 100.0, "percent_statements_covered_display": "100", "num_branches": 0, "num_partial_branches": 0, "covered_branches": 0, "missin
[...]
l": {"executed_lines": [], "summary": {"covered_lines": 0, "num_statements": 2, "percent_covered": 0.0, "percent_covered_display": "0", "missing_lines": 2, "excluded_lines": 0, "percent_statements_covered": 0.0, "percent_statements_covered_display": "0", "num_branches": 0, "num_partial_branches": 0, "covered_branches": 0, "missing_branches": 0, "percent_branches_covered": 100.0, "percent_branches_covered_display": "100"}, "missing_lines": [208, 209], "excluded_lines": [], "start_line": 187, "executed_branches": [], "missing_branches": []}, "DuckMCP._register_search_tool": {"executed_lines": [], "summary": {"covered_lines": 0, "num_statements": 2, "percent_covered": 0.0, "percent_covered_display": "0", "missing_lines": 2, "excluded_lines": 0, "percent_statements_covered": 0.0, "percent_statements_covered_display": "0", "num_branches": 0, "num_partial_branches": 0, "covered_branches": 0, "missing_branches": 0, "percent_branches_covered": 100.0, "percent_branches_covered_display": "100"}, "missing_lines": [214, 215], "excluded_lines": [], "start_line": 211, "executed_branches": [], "missing_branches": []}, "DuckMCP._register_search_tool.search": {"executed_lines": [], "summary": {"covered_lines": 0, "num_statements": 2, "percent_covered": 0.0, "percent_covered_display": "0", "missing_lines": 2, "excluded_lines": 0, "percent_statements_covered": 0.0, "percent_statements_covered_display": "0", "num_branches": 0, "num_partial_branches": 0, "covered_branches": 0, "missing_branches": 0, "percent_branches_covered": 100.0, "percent_branches_covered_display": "100"}, "missing_lines": [242, 248], "excluded_lines": [], "start_line": 215, "executed_branches": [], "missing_branches": []}, "DuckMCP._register_vector_search_tool": {"executed_lines": [], "summary": {"covered_lines": 0, "num_statements": 2, "percent_covered": 0.0, "percent_covered_display": "0", "missing_lines": 2, "excluded_lines": 0, "percent_statements_covered": 0.0, "percent_statements_covered_display": "0", "num_branches": 0, "num_partial_branches": 0, "covered_branches": 0, "missing_branches": 0, "percent_branches_covered": 100.0, "percent_branches_covered_display": "100"}, "missing_lines": [253, 254], "excluded_lines": [], "start_line": 250, "executed_branches": [], "missing_branches": []}, "DuckMCP._register_vector_search_tool.vector_search": {"executed_lines": [], "summary": {"covered_lines": 0, "num_statements": 2, "percent_covered": 0.0, "percent_covered_display": "0", "missing_lines": 2, "excluded_lines": 0, "percent_statements_covered": 0.0, "percent_statements_covered_display": "0", "num_branches": 0, "num_partial_branches": 0, "covered_branches": 0, "missing_branches": 0, "percent_branches_covered": 100.0, "percent_branches_covered_display": "100"}, "missing_lines": [271, 276], "excluded_lines": [], "start_line": 254, "executed_branches": [], "missing_branches": []}, "DuckMCP._register_fts_search_tool": {"executed_lines": [], "summary": {"covered_lines": 0, "num_statements": 2, "percent_covered": 0.0, "percent_covered_display": "0", "missing_lines": 2, "excluded_lines": 0, "percent_statements_covered": 0.0, "percent_statements_covered_display": "0", "num_branches": 0, "num_partial_branches": 0, "covered_branches": 0, "missing_branches": 0, "percent_branches_covered": 100.0, "percent_branches_covered_display": "100"}, "missing_lines": [281, 282], "excluded_lines": [], "start_line": 278, "executed_branches": [], "missing_branches": []}, "DuckMCP._register_fts_search_tool.fts_search": {"executed_lines": [], "summary": {"covered_lines": 0, "num_statements": 2, "percent_covered": 0.0, "percent_covered_display": "0", "missing_lines": 2, "excluded_lines": 0, "percent_statements_covered": 0.0, "percent_statements_covered_display": "0", "num_branches": 0, "num_partial_branches": 0, "covered_branches": 0, "missing_branches": 0, "percent_branches_covered": 100.0, "percent_branches_covered_display": "100"}, "missing_lines": [299, 304], "excluded_lines": [], "start_line": 282, "executed_branches": [], "missing_branches": []}, "DuckMCP._register_get_source_record_tool": {"executed_lines": [], "summary": {"covered_lines": 0, "num_statements": 2, "percent_covered": 0.0, "percent_covered_display": "0", "missing_lines": 2, "excluded_lines": 0, "percent_statements_covered": 0.0, "percent_statements_covered_display": "0", "num_branches": 0, "num_partial_branches": 0, "covered_branches": 0, "missing_branches": 0, "percent_branches_covered": 100.0, "percent_branches_covered_display": "100"}, "missing_lines": [309, 310], "excluded_lines": [], "start_line": 306, "executed_branches": [], "missing_branches": []}, "DuckMCP._register_get_source_record_tool.get_source_record": {"executed_lines": [], "summary": {"covered_lines": 0, "num_statements": 2, "percent_covered": 0.0, "percent_covered_display": "0", "missing_lines": 2, "excluded_lines": 0, "percent_statements_covered": 0.0, "percent_statements_covered_display": "0", "num_branches": 0, "num_partial_branches": 0, "covered_branches": 0, "missing_branches": 0, "percent_branches_covered": 100.0, "percent_branches_covered_display": "100"}, "missing_lines": [326, 330], "excluded_lines": [], "start_line": 310, "executed_branches": [], "missing_branches": []}, "DuckMCP._register_get_neighbors_tool": {"executed_lines": [], "summary": {"covered_lines": 0, "num_statements": 2, "percent_covered": 0.0, "percent_covered_display": "0", "missing_lines": 2, "excluded_lines": 0, "percent_statements_covered": 0.0, "percent_statements_covered_display": "0", "num_branches": 0, "num_partial_branches": 0, "covered_branches": 0, "missing_branches": 0, "percent_branches_covered": 100.0, "percent_branches_covered_display": "100"}, "missing_lines": [335, 336], "excluded_lines": [], "start_line": 332, "executed_branches": [], "missing_branches": []}, "DuckMCP._register_get_neighbors_tool.get_neighbors": {"executed_lines": [], "summary": {"covered_lines": 0, "num_statements": 2, "percent_covered": 0.0, "percent_covered_display": "0", "missing_lines": 2, "excluded_lines": 0, "percent_statements_covered": 0.0, "percent_statements_covered_display": "0", "num_branches": 0, "num_partial_branches": 0, "covered_branches": 0, "missing_branches": 0, "percent_branches_covered": 100.0, "percent_branches_covered_display": "100"}, "missing_lines": [357, 364], "excluded_lines": [], "start_line": 336, "executed_branches": [], "missing_branches": []}, "DuckMCP._register_graph_search_tool": {"executed_lines": [], "summary": {"covered_lines": 0, "num_statements": 2, "percent_covered": 0.0, "percent_covered_display": "0", "missing_lines": 2, "excluded_lines": 0, "percent_statements_covered": 0.0, "percent_statements_covered_display": "0", "num_branches": 0, "num_partial_branches": 0, "covered_branches": 0, "missing_branches": 0, "percent_branches_covered": 100.0, "percent_branches_covered_display": "100"}, "missing_lines": [369, 370], "excluded_lines": [], "start_line": 366, "executed_branches": [], "missing_branches": []}, "DuckMCP._register_graph_search_tool.graph_search": {"executed_lines": [], "summary": {"covered_lines": 0, "num_statements": 2, "percent_covered": 0.0, "percent_covered_display": "0", "missing_lines": 2, "excluded_lines": 0, "percent_statements_covered": 0.0, "percent_statements_covered_display": "0", "num_branches": 0, "num_partial_branches": 0, "covered_branches": 0, "missing_branches": 0, "percent_branches_covered": 100.0, "percent_branches_covered_display": "100"}, "missing_lines": [398, 408], "excluded_lines": [], "start_line": 370, "executed_branches": [], "missing_branches": []}, "DuckMCP._register_traverse_tool": {"executed_lines": [], "summary": {"covered_lines": 0, "num_statements": 2, "percent_covered": 0.0, "percent_covered_display": "0", "missing_lines": 2, "excluded_lines": 0, "percent_statements_covered": 0.0, "percent_statements_covered_display": "0", "num_branches": 0, "num_partial_branches": 0, "covered_branches": 0, "missing_branches": 0, "percent_branches_covered": 100.0, "percent_branches_covered_display": "100"}, "missing_lines": [413, 414], "excluded_lines": [], "start_line": 410, "executed_branches": [], "missing_branches": []}, "DuckMCP._register_traverse_tool.traverse": {"executed_lines": [], "summary": {"covered_lines": 0, "num_statements": 2, "percent_covered": 0.0, "percent_covered_display": "0", "missing_lines": 2, "excluded_lines": 0, "percent_statements_covered": 0.0, "percent_statements_covered_display": "0", "num_branches": 0, "num_partial_branches": 0, "covered_branches": 0, "missing_branches": 0, "percent_branches_covered": 100.0, "percent_branches_covered_display": "100"}, "missing_lines": [439, 448], "excluded_lines": [], "start_line": 414, "executed_branches": [], "missing_branches": []}, "DuckMCP._register_extract_subgraph_tool": {"executed_lines": [], "summary": {"covered_lines": 0, "num_statements": 2, "percent_covered": 0.0, "percent_covered_display": "0", "missing_lines": 2, "excluded_lines": 0, "percent_statements_covered": 0.0, "percent_statements_covered_display": "0", "num_branches": 0, "num_partial_branches": 0, "covered_branches": 0, "missing_branches": 0, "percent_branches_covered": 100.0, "percent_branches_covered_display": "100"}, "missing_lines": [453, 454], "excluded_lines": [], "start_line": 450, "executed_branches": [], "missing_branches": []}, "DuckMCP._register_extract_subgraph_tool.extract_subgraph": {"executed_lines": [], "summary": {"covered_lines": 0, "num_statements": 2, "percent_covered": 0.0, "percent_covered_display": "0", "missing_lines": 2, "excluded_lines": 0, "percent_statements_covered": 0.0, "percent_statements_covered_display": "0", "num_branches": 0, "num_partial_branches": 0, "covered_branches": 0, "missing_branches": 0, "percent_branches_covered": 100.0, "percent_branches_covered_display": "100"}, "missing_lines": [477, 485], "excluded_lines": [], "start_line": 454, "executed_branches": [], "missing_branches": []}, "DuckMCP._register_find_paths_tool": {"executed_lines": [], "summary": {"covered_lines": 0, "num_statements": 2, "percent_covered": 0.0, "percent_covered_display": "0", "missing_lines": 2, "excluded_lines": 0, "percent_statements_covered": 0.0, "percent_statements_covered_display": "0", "num_branches": 0, "num_partial_branches": 0, "covered_branches": 0, "missing_branches": 0, "percent_branches_covered": 100.0, "percent_branches_covered_display": "100"}, "missing_lines": [490, 491], "excluded_lines": [], "start_line": 487, "executed_branches": [], "missing_branches": []}, "DuckMCP._register_find_paths_tool.find_paths": {"executed_lines": [], "summary": {"covered_lines": 0, "num_statements": 2, "percent_covered": 0.0, "percent_covered_display": "0", "missing_lines": 2, "excluded_lines": 0, "percent_statements_covered": 0.0, "percent_statements_covered_display": "0", "num_branches": 0, "num_partial_branches": 0, "covered_branches": 0, "missing_branches": 0, "percent_branches_covered": 100.0, "percent_branches_covered_display": "100"}, "missing_lines": [516, 523], "excluded_lines": [], "start_line": 491, "executed_branches": [], "missing_branches": []}, "": {"executed_lines": [], "summary": {"covered_lines": 0, "num_statements": 25, "percent_covered": 0.0, "percent_covered_display": "0", "missing_lines": 25, "excluded_lines": 0, "percent_statements_covered": 0.0, "percent_statements_covered_display": "0", "num_branches": 0, "num_partial_branches": 0, "covered_branches": 0, "missing_branches": 0, "percent_branches_covered": 100.0, "percent_branches_covered_display": "100"}, "missing_lines": [3, 4, 5, 6, 8, 9, 11, 12, 15, 16, 39, 75, 112, 127, 145, 183, 211, 250, 278, 306, 332, 366, 410, 450, 487], "excluded_lines": [], "start_line": 1, "executed_branches": [], "missing_branches": []}}, "classes": {"DuckMCP": {"executed_lines": [], "summary": {"covered_lines": 0, "num_statements": 62, "percent_covered": 0.0, "percent_covered_display": "0", "missing_lines": 62, "excluded_lines": 0, "percent_statements_covered": 0.0, "percent_statements_covered_display": "0", "num_branches": 0, "num_partial_branches": 0, "covered_branches": 0, "missing_branches": 0, "percent_branches_covered": 100.0, "percent_branches_covered_display": "100"}, "missing_lines": [97, 103, 110, 114, 115, 116, 117, 118, 119, 120, 121, 122, 123, 124, 125, 130, 131, 143, 148, 149, 180, 181, 186, 187, 208, 209, 214, 215, 242, 248, 253, 254, 271, 276, 281, 282, 299, 304, 309, 310, 326, 330, 335, 336, 357, 364, 369, 370, 398, 408, 413, 414, 439, 448, 453, 454, 477, 485, 490, 491, 516, 523], "excluded_lines": [], "start_line": 39, "executed_branches": [], "missing_branches": []}, "": {"executed_lines": [], "summary": {"covered_lines": 0, "num_statements": 34, "percent_covered": 0.0, "percent_covered_display": "0", "missing_lines": 34, "excluded_lines": 0, "percent_statements_covered": 0.0, "percent_statements_covered_display": "0", "num_branches": 0, "num_partial_branches": 0, "covered_branches": 0, "missing_branches": 0, "percent_branches_covered": 100.0, "percent_branches_covered_display": "100"}, "missing_lines": [3, 4, 5, 6, 8, 9, 11, 12, 15, 16, 27, 28, 29, 30, 31, 32, 34, 35, 36, 39, 75, 112, 127, 145, 183, 211, 250, 278, 306, 332, 366, 410, 450, 487], "excluded_lines": [], "start_line": 1, "executed_branches": [], "missing_branches": []}}}, "src/duckkb/utils/__init__.py": {"executed_lines": [3, 5], "summary": {"covered_lines": 2, "num_statements": 2, "percent_covered": 100.0, "percent_covered_display": "100", "missing_lines": 0, "excluded_lines": 0, "percent_statements_covered": 100.0, "percent_statements_covered_display": "100", "num_branches": 0, "num_partial_branches": 0, "covered_branches": 0, "missing_branches": 0, "percent_branches_covered": 100.0, "percent_branches_covered_display": "100"}, "missing_lines": [], "excluded_lines": [], "executed_branches": [], "missing_branches": [], "functions": {"": {"executed_lines": [3, 5], "summary": {"covered_lines": 2, "num_statements": 2, "percent_covered": 100.0, "percent_covered_display": "100", "missing_lines": 0, "excluded_lines": 0, "percent_statements_covered": 100.0, "percent_statements_covered_display": "100", "num_branches": 0, "num_partial_branches": 0, "covered_branches": 0, "missing_branches": 0, "percent_branches_covered": 100.0, "percent_branches_covered_display": "100"}, "missing_lines": [], "excluded_lines": [], "start_line": 1, "executed_branches": [], "missing_branches": []}}, "classes": {"": {"executed_lines": [3, 5], "summary": {"covered_lines": 2, "num_statements": 2, "percent_covered": 100.0, "percent_covered_display": "100", "missing_lines": 0, "excluded_lines": 0, "percent_statements_covered": 100.0, "percent_statements_covered_display": "100", "num_branches": 0, "num_partial_branches": 0, "covered_branches": 0, "missing_branches": 0, "percent_branches_covered": 100.0, "percent_branches_covered_display": "100"}, "missing_lines": [], "excluded_lines": [], "start_line": 1, "executed_branches": [], "missing_branches": []}}}, "src/duckkb/utils/rwlock.py": {"executed_lines": [3, 4, 5, 8, 22, 24, 25, 26, 27, 28, 30, 31, 36, 37, 39, 40, 41, 43, 44, 45, 46, 48, 49, 54, 55, 56, 58, 59, 60, 61, 63, 64, 65], "summary": {"covered_lines": 33, "num_statements": 35, "percent_covered": 87.8048780487805, "percent_covered_display": "88", "missing_lines": 2, "excluded_lines": 0, "percent_statements_covered": 94.28571428571429, "percent_statements_covered_display": "94", "num_branches": 6, "num_partial_branches": 3, "covered_branches": 3, "missing_branches": 3, "percent_branches_covered": 50.0, "percent_branches_covered_display": "50"}, "missing_lines": [38, 57], "excluded_lines": [], "executed_branches": [[37, 39], [45, 46], [56, 58]], "missing_branches": [[37, 38], [45, -30], [56, 57]], "functions": {"FairReadWriteLock.__init__": {"executed_lines": [24, 25, 26, 27, 28], "summary": {"covered_lines": 5, "num_statements": 5, "percent_covered": 100.0, "percent_covered_display": "100", "missing_lines": 0, "excluded_lines": 0, "percent_statements_covered": 100.0, "percent_statements_covered_display": "100", "num_branches": 0, "num_partial_branches": 0, "covered_branches": 0, "missing_branches": 0, "percent_branches_covered": 100.0, "percent_branches_covered_display": "100"}, "missing_lines": [], "excluded_lines": [], "start_line": 22, "executed_branches": [], "missing_branches": []}, "FairReadWriteLock.read_lock": {"executed_lines": [36, 37, 39, 40, 41, 43, 44, 45, 46], "summary": {"covered_lines": 9, "num_statements": 10, "percent_covered": 78.57142857142857, "percent_covered_display": "79", "missing_lines": 1, "excluded_lines": 0, "percent_statements_covered": 90.0, "percent_statements_covered_display": "90", "num_branches": 4, "num_partial_branches": 2, "covered_branches": 2, "missing_branches": 2, "percent_branches_covered": 50.0, "percent_branches_covered_display": "50"}, "missing_lines": [38], "excluded_lines": [], "start_line": 31, "executed_branches": [[37, 39], [45, 46]], "missing_branches": [[37, 38], [45, -30]]}, "FairReadWriteLock.write_lock": {"executed_lines": [54, 55, 56, 58, 59, 60, 61, 63, 64, 65], "summary": {"covered_lines": 10, "num_statements": 11, "percent_covered": 84.61538461538461, "percent_covered_display": "85", "missing_lines": 1, "excluded_lines": 0, "percent_statements_covered": 90.9090909090909, "percent_statements_covered_display": "91", "num_branches": 2, "num_partial_branches": 1, "covered_branches": 1, "missing_branches": 1, "percent_branches_covered": 50.0, "percent_branches_covered_display": "50"}, "missing_lines": [57], "excluded_lines": [], "start_line": 49, "executed_branches": [[56, 58]], "missing_branches": [[56, 57]]}, "": {"executed_lines": [3, 4, 5, 8, 22, 30, 31, 48, 49], "summary": {"covered_lines": 9, "num_statements": 9, "percent_covered": 100.0, "percent_covered_display": "100", "missing_lines": 0, "excluded_lines": 0, "percent_statements_covered": 100.0, "percent_statements_covered_display": "100", "num_branches": 0, "num_partial_branches": 0, "covered_branches": 0, "missing_branches": 0, "percent_branches_covered": 100.0, "percent_branches_covered_display": "100"}, "missing_lines": [], "excluded_lines": [], "start_line": 1, "executed_branches": [], "missing_branches": []}}, "classes": {"FairReadWriteLock": {"executed_lines": [24, 25, 26, 27, 28, 36, 37, 39, 40, 41, 43, 44, 45, 46, 54, 55, 56, 58, 59, 60, 61, 63, 64, 65], "summary": {"covered_lines": 24, "num_statements": 26, "percent_covered": 84.375, "percent_covered_display": "84", "missing_lines": 2, "excluded_lines": 0, "percent_statements_covered": 92.3076923076923, "percent_statements_covered_display": "92", "num_branches": 6, "num_partial_branches": 3, "covered_branches": 3, "missing_branches": 3, "percent_branches_covered": 50.0, "percent_branches_covered_display": "50"}, "missing_lines": [38, 57], "excluded_lines": [], "start_line": 8, "executed_branches": [[37, 39], [45, 46], [56, 58]], "missing_branches": [[37, 38], [45, -30], [56, 57]]}, "": {"executed_lines": [3, 4, 5, 8, 22, 30, 31, 48, 49], "summary": {"covered_lines": 9, "num_statements": 9, "percent_covered": 100.0, "percent_covered_display": "100", "missing_lines": 0, "excluded_lines": 0, "percent_statements_covered": 100.0, "percent_statements_covered_display": "100", "num_branches": 0, "num_partial_branches": 0, "covered_branches": 0, "missing_branches": 0, "percent_branches_covered": 100.0, "percent_branches_covered_display": "100"}, "missing_lines": [], "excluded_lines": [], "start_line": 1, "executed_branches": [], "missing_branches": []}}}}, "totals": {"covered_lines": 931, "num_statements": 2839, "percent_covered": 28.26969943135662, "percent_covered_display": "28", "missing_lines": 1908, "excluded_lines": 16, "percent_statements_covered": 32.79323705530116, "percent_statements_covered_display": "33", "num_branches": 854, "num_partial_branches": 73, "covered_branches": 113, "missing_branches": 741, "percent_branches_covered": 13.231850117096018, "percent_branches_covered_display": "13"}}